#
# There is insufficient memory for the Java Runtime Environment to continue.
# Native memory allocation (mmap) failed to map 213909504 bytes for committing reserved memory.
# Possible reasons:
#   The system is out of physical RAM or swap space
#   In 32 bit mode, the process size limit was hit
# Possible solutions:
#   Reduce memory load on the system
#   Increase physical memory or swap space
#   Check if swap backing store is full
#   Use 64 bit Java on a 64 bit OS
#   Decrease Java heap size (-Xmx/-Xms)
#   Decrease number of Java threads
#   Decrease Java thread stack sizes (-Xss)
#   Set larger code cache with -XX:ReservedCodeCacheSize=
# This output file may be truncated or incomplete.
#
#  Out of Memory Error (os_linux.cpp:2673), pid=16579, tid=140496553846528
#
# JRE version: Java(TM) SE Runtime Environment (8.0_51-b16) (build 1.8.0_51-b16)
# Java VM: Java HotSpot(TM) 64-Bit Server VM (25.51-b03 mixed mode linux-amd64 compressed oops)
# Failed to write core dump. Core dumps have been disabled. To enable core dumping, try "ulimit -c unlimited" before starting Java again
#

---------------  T H R E A D  ---------------

Current thread (0x00007fc808078000):  VMThread [stack: 0x00007fc7e71f2000,0x00007fc7e72f3000] [id=16593]

Stack: [0x00007fc7e71f2000,0x00007fc7e72f3000],  sp=0x00007fc7e72f0fe0,  free space=1019k
Native frames: (J=compiled Java code, j=interpreted, Vv=VM code, C=native code)
V  [libjvm.so+0xaaccfa]  VMError::report_and_die()+0x2ba
V  [libjvm.so+0x4f333b]  report_vm_out_of_memory(char const*, int, unsigned long, VMErrorType, char const*)+0x8b
V  [libjvm.so+0x90ea23]  os::Linux::commit_memory_impl(char*, unsigned long, bool)+0x103
V  [libjvm.so+0x90ef79]  os::pd_commit_memory(char*, unsigned long, unsigned long, bool)+0x29
V  [libjvm.so+0x9088da]  os::commit_memory(char*, unsigned long, unsigned long, bool)+0x2a
V  [libjvm.so+0x97bd23]  PSVirtualSpace::expand_by(unsigned long)+0x53
V  [libjvm.so+0x96c580]  PSOldGen::expand(unsigned long)+0x170
V  [libjvm.so+0x96c78b]  PSOldGen::resize(unsigned long)+0x1cb
V  [libjvm.so+0x9744a1]  PSParallelCompact::invoke_no_policy(bool)+0x9d1
V  [libjvm.so+0x979e4d]  PSScavenge::invoke()+0x1ad
V  [libjvm.so+0x9322b0]  ParallelScavengeHeap::failed_mem_allocate(unsigned long)+0x70
V  [libjvm.so+0xaae537]  VM_ParallelGCFailedAllocation::doit()+0x97
V  [libjvm.so+0xab5d25]  VM_Operation::evaluate()+0x55
V  [libjvm.so+0xab40fa]  VMThread::evaluate_operation(VM_Operation*)+0xba
V  [libjvm.so+0xab447e]  VMThread::loop()+0x1ce
V  [libjvm.so+0xab48f0]  VMThread::run()+0x70
V  [libjvm.so+0x911048]  java_start(Thread*)+0x108

VM_Operation (0x00007fc80fb6be00): ParallelGCFailedAllocation, mode: safepoint, requested by thread 0x00007fc80800a000


---------------  P R O C E S S  ---------------

Java Threads: ( => current thread )
  0x00007fc8080e4000 JavaThread "Monitor Ctrl-Break" daemon [_thread_in_native, id=16610, stack(0x00007fc7e641e000,0x00007fc7e651f000)]
  0x00007fc8080c2800 JavaThread "Service Thread" daemon [_thread_blocked, id=16605, stack(0x00007fc7e6822000,0x00007fc7e6923000)]
  0x00007fc8080bd800 JavaThread "C1 CompilerThread2" daemon [_thread_blocked, id=16603, stack(0x00007fc7e6923000,0x00007fc7e6a24000)]
  0x00007fc8080bb800 JavaThread "C2 CompilerThread1" daemon [_thread_blocked, id=16602, stack(0x00007fc7e6a24000,0x00007fc7e6b25000)]
  0x00007fc8080b8800 JavaThread "C2 CompilerThread0" daemon [_thread_blocked, id=16600, stack(0x00007fc7e6b25000,0x00007fc7e6c26000)]
  0x00007fc8080b7000 JavaThread "Signal Dispatcher" daemon [_thread_blocked, id=16598, stack(0x00007fc7e6c26000,0x00007fc7e6d27000)]
  0x00007fc80807f000 JavaThread "Finalizer" daemon [_thread_blocked, id=16595, stack(0x00007fc7e6ff0000,0x00007fc7e70f1000)]
  0x00007fc80807d000 JavaThread "Reference Handler" daemon [_thread_blocked, id=16594, stack(0x00007fc7e70f1000,0x00007fc7e71f2000)]
  0x00007fc80800a000 JavaThread "main" [_thread_blocked, id=16582, stack(0x00007fc80fa6e000,0x00007fc80fb6f000)]

Other Threads:
=>0x00007fc808078000 VMThread [stack: 0x00007fc7e71f2000,0x00007fc7e72f3000] [id=16593]
  0x00007fc8080c4800 WatcherThread [stack: 0x00007fc7e6721000,0x00007fc7e6822000] [id=16606]

VM state:at safepoint (normal execution)

VM Mutex/Monitor currently owned by a thread:  ([mutex/lock_event])
[0x00007fc808006130] ExpandHeap_lock - owner thread: 0x00007fc808078000
[0x00007fc8080067b0] Threads_lock - owner thread: 0x00007fc808078000
[0x00007fc808006cb0] Heap_lock - owner thread: 0x00007fc80800a000

Heap:
 PSYoungGen      total 536576K, used 83013K [0x00000000d7780000, 0x0000000100000000, 0x0000000100000000)
  eden space 452096K, 0% used [0x00000000d7780000,0x00000000d7780000,0x00000000f3100000)
  from space 84480K, 98% used [0x00000000fad80000,0x00000000ffe91708,0x0000000100000000)
  to   space 105984K, 0% used [0x00000000f3100000,0x00000000f3100000,0x00000000f9880000)
 ParOldGen       total 461824K, used 461673K [0x0000000086600000, 0x00000000a2900000, 0x00000000d7780000)
  object space 461824K, 99% used [0x0000000086600000,0x00000000a28da6f8,0x00000000a2900000)
 Metaspace       used 10115K, capacity 10280K, committed 10368K, reserved 1058816K
  class space    used 1066K, capacity 1108K, committed 1152K, reserved 1048576K

Card table byte_map: [0x00007fc80c487000,0x00007fc80c855000] byte_map_base: 0x00007fc80c054000

Marking Bits: (ParMarkBitMap*) 0x00007fc80ef53660
 Begin Bits: [0x00007fc7f502d000, 0x00007fc7f6e95000)
 End Bits:   [0x00007fc7f6e95000, 0x00007fc7f8cfd000)

Polling page: 0x00007fc80fb9a000

CodeCache: size=245760Kb used=9053Kb max_used=9053Kb free=236706Kb
 bounds [0x00007fc7f9000000, 0x00007fc7f98f0000, 0x00007fc808000000]
 total_blobs=2741 nmethods=2430 adapters=225
 compilation: enabled

Compilation events (10 events):
Event: 29.213 Thread 0x00007fc8080bd800 nmethod 2563 0x00007fc7f98d9d90 code [0x00007fc7f98d9f00, 0x00007fc7f98da188]
Event: 29.213 Thread 0x00007fc8080bd800 2565       3       java.io.OutputStream::write (9 bytes)
Event: 29.214 Thread 0x00007fc8080bd800 nmethod 2565 0x00007fc7f98d7610 code [0x00007fc7f98d7780, 0x00007fc7f98d79a8]
Event: 29.216 Thread 0x00007fc8080bd800 2566       3       java.util.Formatter$Flags::parse (67 bytes)
Event: 29.220 Thread 0x00007fc8080bd800 nmethod 2566 0x00007fc7f98e0990 code [0x00007fc7f98e0b80, 0x00007fc7f98e1358]
Event: 29.220 Thread 0x00007fc8080bd800 2567   !   3       java.util.Formatter$FormatSpecifier::width (59 bytes)
Event: 29.222 Thread 0x00007fc8080bd800 nmethod 2567 0x00007fc7f98d6f90 code [0x00007fc7f98d7120, 0x00007fc7f98d7458]
Event: 29.222 Thread 0x00007fc8080bd800 2568   !   3       java.util.Formatter$FormatSpecifier::precision (63 bytes)
Event: 29.224 Thread 0x00007fc8080bd800 nmethod 2568 0x00007fc7f98e1710 code [0x00007fc7f98e18c0, 0x00007fc7f98e1cc8]
Event: 29.224 Thread 0x00007fc8080bd800 2569       3       java.util.Formatter$FormatSpecifier::conversion (94 bytes)

GC Heap History (10 events):
Event: 27.283 GC heap after
Heap after GC invocations=27 (full 4):
 PSYoungGen      total 600064K, used 7183K [0x00000000d7780000, 0x0000000100000000, 0x0000000100000000)
  eden space 537088K, 0% used [0x00000000d7780000,0x00000000d7780000,0x00000000f8400000)
  from space 62976K, 11% used [0x00000000f8400000,0x00000000f8b03f00,0x00000000fc180000)
  to   space 64000K, 0% used [0x00000000fc180000,0x00000000fc180000,0x0000000100000000)
 ParOldGen       total 264192K, used 151206K [0x0000000086600000, 0x0000000096800000, 0x00000000d7780000)
  object space 264192K, 57% used [0x0000000086600000,0x000000008f9a9888,0x0000000096800000)
 Metaspace       used 10055K, capacity 10216K, committed 10368K, reserved 1058816K
  class space    used 1064K, capacity 1108K, committed 1152K, reserved 1048576K
}
Event: 27.857 GC heap before
{Heap before GC invocations=28 (full 4):
 PSYoungGen      total 600064K, used 544271K [0x00000000d7780000, 0x0000000100000000, 0x0000000100000000)
  eden space 537088K, 100% used [0x00000000d7780000,0x00000000f8400000,0x00000000f8400000)
  from space 62976K, 11% used [0x00000000f8400000,0x00000000f8b03f00,0x00000000fc180000)
  to   space 64000K, 0% used [0x00000000fc180000,0x00000000fc180000,0x0000000100000000)
 ParOldGen       total 264192K, used 151206K [0x0000000086600000, 0x0000000096800000, 0x00000000d7780000)
  object space 264192K, 57% used [0x0000000086600000,0x000000008f9a9888,0x0000000096800000)
 Metaspace       used 10062K, capacity 10216K, committed 10368K, reserved 1058816K
  class space    used 1064K, capacity 1108K, committed 1152K, reserved 1048576K
Event: 27.883 GC heap after
Heap after GC invocations=28 (full 4):
 PSYoungGen      total 564224K, used 62624K [0x00000000d7780000, 0x0000000100000000, 0x0000000100000000)
  eden space 500224K, 0% used [0x00000000d7780000,0x00000000d7780000,0x00000000f6000000)
  from space 64000K, 97% used [0x00000000fc180000,0x00000000ffea83d0,0x0000000100000000)
  to   space 81920K, 0% used [0x00000000f6000000,0x00000000f6000000,0x00000000fb000000)
 ParOldGen       total 264192K, used 158406K [0x0000000086600000, 0x0000000096800000, 0x00000000d7780000)
  object space 264192K, 59% used [0x0000000086600000,0x00000000900b18f8,0x0000000096800000)
 Metaspace       used 10062K, capacity 10216K, committed 10368K, reserved 1058816K
  class space    used 1064K, capacity 1108K, committed 1152K, reserved 1048576K
}
Event: 28.379 GC heap before
{Heap before GC invocations=29 (full 4):
 PSYoungGen      total 564224K, used 562848K [0x00000000d7780000, 0x0000000100000000, 0x0000000100000000)
  eden space 500224K, 100% used [0x00000000d7780000,0x00000000f6000000,0x00000000f6000000)
  from space 64000K, 97% used [0x00000000fc180000,0x00000000ffea83d0,0x0000000100000000)
  to   space 81920K, 0% used [0x00000000f6000000,0x00000000f6000000,0x00000000fb000000)
 ParOldGen       total 264192K, used 158406K [0x0000000086600000, 0x0000000096800000, 0x00000000d7780000)
  object space 264192K, 59% used [0x0000000086600000,0x00000000900b18f8,0x0000000096800000)
 Metaspace       used 10080K, capacity 10280K, committed 10368K, reserved 1058816K
  class space    used 1064K, capacity 1108K, committed 1152K, reserved 1048576K
Event: 28.487 GC heap after
Heap after GC invocations=29 (full 4):
 PSYoungGen      total 579584K, used 79009K [0x00000000d7780000, 0x0000000100000000, 0x0000000100000000)
  eden space 500224K, 0% used [0x00000000d7780000,0x00000000d7780000,0x00000000f6000000)
  from space 79360K, 99% used [0x00000000f6000000,0x00000000fad284d0,0x00000000fad80000)
  to   space 84480K, 0% used [0x00000000fad80000,0x00000000fad80000,0x0000000100000000)
 ParOldGen       total 264192K, used 220975K [0x0000000086600000, 0x0000000096800000, 0x00000000d7780000)
  object space 264192K, 83% used [0x0000000086600000,0x0000000093dcbcc8,0x0000000096800000)
 Metaspace       used 10080K, capacity 10280K, committed 10368K, reserved 1058816K
  class space    used 1064K, capacity 1108K, committed 1152K, reserved 1048576K
}
Event: 28.487 GC heap before
{Heap before GC invocations=30 (full 5):
 PSYoungGen      total 579584K, used 79009K [0x00000000d7780000, 0x0000000100000000, 0x0000000100000000)
  eden space 500224K, 0% used [0x00000000d7780000,0x00000000d7780000,0x00000000f6000000)
  from space 79360K, 99% used [0x00000000f6000000,0x00000000fad284d0,0x00000000fad80000)
  to   space 84480K, 0% used [0x00000000fad80000,0x00000000fad80000,0x0000000100000000)
 ParOldGen       total 264192K, used 220975K [0x0000000086600000, 0x0000000096800000, 0x00000000d7780000)
  object space 264192K, 83% used [0x0000000086600000,0x0000000093dcbcc8,0x0000000096800000)
 Metaspace       used 10080K, capacity 10280K, committed 10368K, reserved 1058816K
  class space    used 1064K, capacity 1108K, committed 1152K, reserved 1048576K
Event: 28.776 GC heap after
Heap after GC invocations=30 (full 5):
 PSYoungGen      total 579584K, used 29696K [0x00000000d7780000, 0x0000000100000000, 0x0000000100000000)
  eden space 500224K, 0% used [0x00000000d7780000,0x00000000d7780000,0x00000000f6000000)
  from space 79360K, 37% used [0x00000000f6000000,0x00000000f7d001d0,0x00000000fad80000)
  to   space 84480K, 0% used [0x00000000fad80000,0x00000000fad80000,0x0000000100000000)
 ParOldGen       total 401920K, used 264036K [0x0000000086600000, 0x000000009ee80000, 0x00000000d7780000)
  object space 401920K, 65% used [0x0000000086600000,0x00000000967d93d8,0x000000009ee80000)
 Metaspace       used 10080K, capacity 10280K, committed 10368K, reserved 1058816K
  class space    used 1064K, capacity 1108K, committed 1152K, reserved 1048576K
}
Event: 29.228 GC heap before
{Heap before GC invocations=31 (full 5):
 PSYoungGen      total 579584K, used 529920K [0x00000000d7780000, 0x0000000100000000, 0x0000000100000000)
  eden space 500224K, 100% used [0x00000000d7780000,0x00000000f6000000,0x00000000f6000000)
  from space 79360K, 37% used [0x00000000f6000000,0x00000000f7d001d0,0x00000000fad80000)
  to   space 84480K, 0% used [0x00000000fad80000,0x00000000fad80000,0x0000000100000000)
 ParOldGen       total 401920K, used 264036K [0x0000000086600000, 0x000000009ee80000, 0x00000000d7780000)
  object space 401920K, 65% used [0x0000000086600000,0x00000000967d93d8,0x000000009ee80000)
 Metaspace       used 10115K, capacity 10280K, committed 10368K, reserved 1058816K
  class space    used 1066K, capacity 1108K, committed 1152K, reserved 1048576K
Event: 30.442 GC heap after
Heap after GC invocations=31 (full 5):
 PSYoungGen      total 536576K, used 84129K [0x00000000d7780000, 0x0000000100000000, 0x0000000100000000)
  eden space 452096K, 0% used [0x00000000d7780000,0x00000000d7780000,0x00000000f3100000)
  from space 84480K, 99% used [0x00000000fad80000,0x00000000fffa8520,0x0000000100000000)
  to   space 105984K, 0% used [0x00000000f3100000,0x00000000f3100000,0x00000000f9880000)
 ParOldGen       total 461824K, used 460655K [0x0000000086600000, 0x00000000a2900000, 0x00000000d7780000)
  object space 461824K, 99% used [0x0000000086600000,0x00000000a27dbfd8,0x00000000a2900000)
 Metaspace       used 10115K, capacity 10280K, committed 10368K, reserved 1058816K
  class space    used 1066K, capacity 1108K, committed 1152K, reserved 1048576K
}
Event: 30.739 GC heap before
{Heap before GC invocations=32 (full 6):
 PSYoungGen      total 536576K, used 84129K [0x00000000d7780000, 0x0000000100000000, 0x0000000100000000)
  eden space 452096K, 0% used [0x00000000d7780000,0x00000000d7780000,0x00000000f3100000)
  from space 84480K, 99% used [0x00000000fad80000,0x00000000fffa8520,0x0000000100000000)
  to   space 105984K, 0% used [0x00000000f3100000,0x00000000f3100000,0x00000000f9880000)
 ParOldGen       total 461824K, used 460655K [0x0000000086600000, 0x00000000a2900000, 0x00000000d7780000)
  object space 461824K, 99% used [0x0000000086600000,0x00000000a27dbfd8,0x00000000a2900000)
 Metaspace       used 10115K, capacity 10280K, committed 10368K, reserved 1058816K
  class space    used 1066K, capacity 1108K, committed 1152K, reserved 1048576K

Deoptimization events (10 events):
Event: 26.490 Thread 0x00007fc80800a000 Uncommon trap: reason=unstable_if action=reinterpret pc=0x00007fc7f9386e80 method=org.mapdb.BTreeMap$BTreeValueIterator.next()Ljava/lang/Object; @ 4
Event: 26.531 Thread 0x00007fc80800a000 Uncommon trap: reason=unstable_if action=reinterpret pc=0x00007fc7f912e588 method=org.mapdb.BTreeMap$BTreeIterator.advance()V @ 198
Event: 26.657 Thread 0x00007fc80800a000 Uncommon trap: reason=unstable_if action=reinterpret pc=0x00007fc7f97f83fc method=org.mapdb.BTreeMap.get(Ljava/lang/Object;Z)Ljava/lang/Object; @ 1
Event: 26.674 Thread 0x00007fc80800a000 Uncommon trap: reason=unstable_if action=reinterpret pc=0x00007fc7f931bf80 method=org.mapdb.BTreeMap.containsKey(Ljava/lang/Object;)Z @ 1
Event: 26.837 Thread 0x00007fc80800a000 Uncommon trap: reason=unstable_if action=reinterpret pc=0x00007fc7f9385df8 method=org.mapdb.BTreeKeySerializer$2.findChildren2(Lorg/mapdb/BTreeMap$BNode;Ljava/lang/Object;)I @ 37
Event: 29.046 Thread 0x00007fc80800a000 Uncommon trap: reason=unstable_if action=reinterpret pc=0x00007fc7f979dbc8 method=org.mapdb.BTreeMap$SubMap.size()I @ 4
Event: 29.052 Thread 0x00007fc80800a000 Uncommon trap: reason=class_check action=maybe_recompile pc=0x00007fc7f97dfc14 method=org.mapdb.BTreeMap.containsValue(Ljava/lang/Object;)Z @ 31
Event: 29.052 Thread 0x00007fc80800a000 Uncommon trap: reason=class_check action=maybe_recompile pc=0x00007fc7f97dfc14 method=org.mapdb.BTreeMap.containsValue(Ljava/lang/Object;)Z @ 31
Event: 29.071 Thread 0x00007fc80800a000 Uncommon trap: reason=class_check action=maybe_recompile pc=0x00007fc7f97dfc14 method=org.mapdb.BTreeMap.containsValue(Ljava/lang/Object;)Z @ 31
Event: 29.072 Thread 0x00007fc80800a000 Uncommon trap: reason=class_check action=maybe_recompile pc=0x00007fc7f97dfc14 method=org.mapdb.BTreeMap.containsValue(Ljava/lang/Object;)Z @ 31

Internal exceptions (9 events):
Event: 0.114 Thread 0x00007fc80800a000 Exception <a 'java/lang/NoSuchMethodError': Method sun.misc.Unsafe.defineClass(Ljava/lang/String;[BII)Ljava/lang/Class; name or signature does not match> (0x00000000d7792a38) thrown at [/HUDSON/workspace/8-2-build-linux-amd64/jdk8u51/3951/hotspot/src/shar
Event: 0.114 Thread 0x00007fc80800a000 Exception <a 'java/lang/NoSuchMethodError': Method sun.misc.Unsafe.prefetchRead(Ljava/lang/Object;J)V name or signature does not match> (0x00000000d7792cc8) thrown at [/HUDSON/workspace/8-2-build-linux-amd64/jdk8u51/3951/hotspot/src/share/vm/prims/jni.cpp
Event: 1.829 Thread 0x00007fc80800a000 Exception <a 'java/io/FileNotFoundException'> (0x00000000d7a91020) thrown at [/HUDSON/workspace/8-2-build-linux-amd64/jdk8u51/3951/hotspot/src/share/vm/prims/jni.cpp, line 709]
Event: 1.867 Thread 0x00007fc80800a000 Exception <a 'java/security/PrivilegedActionException'> (0x00000000d7adb2b0) thrown at [/HUDSON/workspace/8-2-build-linux-amd64/jdk8u51/3951/hotspot/src/share/vm/prims/jvm.cpp, line 1382]
Event: 1.867 Thread 0x00007fc80800a000 Exception <a 'java/security/PrivilegedActionException'> (0x00000000d7adb468) thrown at [/HUDSON/workspace/8-2-build-linux-amd64/jdk8u51/3951/hotspot/src/share/vm/prims/jvm.cpp, line 1382]
Event: 1.868 Thread 0x00007fc80800a000 Exception <a 'java/security/PrivilegedActionException'> (0x00000000d7adcf68) thrown at [/HUDSON/workspace/8-2-build-linux-amd64/jdk8u51/3951/hotspot/src/share/vm/prims/jvm.cpp, line 1382]
Event: 1.868 Thread 0x00007fc80800a000 Exception <a 'java/security/PrivilegedActionException'> (0x00000000d7add120) thrown at [/HUDSON/workspace/8-2-build-linux-amd64/jdk8u51/3951/hotspot/src/share/vm/prims/jvm.cpp, line 1382]
Event: 16.928 Thread 0x00007fc80807f000 Implicit null exception at 0x00007fc7f9510709 to 0x00007fc7f9510ced
Event: 26.490 Thread 0x00007fc80800a000 Implicit null exception at 0x00007fc7f9386873 to 0x00007fc7f9386e71

Events (10 events):
Event: 29.056 loading class org/mapdb/BTreeMap$BTreeDescendingKeyIterator done
Event: 29.071 Thread 0x00007fc80800a000 Uncommon trap: trap_request=0xffffffde fr.pc=0x00007fc7f97dfc14
Event: 29.072 Thread 0x00007fc80800a000 DEOPT PACKING pc=0x00007fc7f97dfc14 sp=0x00007fc80fb6bec0
Event: 29.072 Thread 0x00007fc80800a000 DEOPT UNPACKING pc=0x00007fc7f9005229 sp=0x00007fc80fb6bee0 mode 2
Event: 29.072 Thread 0x00007fc80800a000 Uncommon trap: trap_request=0xffffffde fr.pc=0x00007fc7f97dfc14
Event: 29.072 Thread 0x00007fc80800a000 DEOPT PACKING pc=0x00007fc7f97dfc14 sp=0x00007fc80fb6bec0
Event: 29.072 Thread 0x00007fc80800a000 DEOPT UNPACKING pc=0x00007fc7f9005229 sp=0x00007fc80fb6bee0 mode 2
Event: 29.153 Thread 0x00007fc80800a000 DEOPT PACKING pc=0x00007fc7f9664bb2 sp=0x00007fc80fb6c330
Event: 29.153 Thread 0x00007fc80800a000 DEOPT UNPACKING pc=0x00007fc7f9047233 sp=0x00007fc80fb6c050 mode 0
Event: 29.228 Executing VM operation: ParallelGCFailedAllocation


Dynamic libraries:
00400000-00401000 r-xp 00000000 08:11 17845273                           /opt/jdk8/bin/java
00600000-00601000 rw-p 00000000 08:11 17845273                           /opt/jdk8/bin/java
011af000-011d0000 rw-p 00000000 00:00 0                                  [heap]
86600000-a2900000 rw-p 00000000 00:00 0 
af500000-d7780000 ---p 00000000 00:00 0 
d7780000-100000000 rw-p 00000000 00:00 0 
100000000-100120000 rw-p 00000000 00:00 0 
100120000-140000000 ---p 00000000 00:00 0 
7fc7b4000000-7fc7b4021000 rw-p 00000000 00:00 0 
7fc7b4021000-7fc7b8000000 ---p 00000000 00:00 0 
7fc7b8000000-7fc7b8021000 rw-p 00000000 00:00 0 
7fc7b8021000-7fc7bc000000 ---p 00000000 00:00 0 
7fc7bc000000-7fc7bc021000 rw-p 00000000 00:00 0 
7fc7bc021000-7fc7c0000000 ---p 00000000 00:00 0 
7fc7c0000000-7fc7c0021000 rw-p 00000000 00:00 0 
7fc7c0021000-7fc7c4000000 ---p 00000000 00:00 0 
7fc7c4000000-7fc7c50b7000 rw-p 00000000 00:00 0 
7fc7c50b7000-7fc7c8000000 ---p 00000000 00:00 0 
7fc7c8000000-7fc7c8908000 rw-p 00000000 00:00 0 
7fc7c8908000-7fc7cc000000 ---p 00000000 00:00 0 
7fc7cc000000-7fc7cc021000 rw-p 00000000 00:00 0 
7fc7cc021000-7fc7d0000000 ---p 00000000 00:00 0 
7fc7d0000000-7fc7d0dfd000 rw-p 00000000 00:00 0 
7fc7d0dfd000-7fc7d4000000 ---p 00000000 00:00 0 
7fc7d4000000-7fc7d4021000 rw-p 00000000 00:00 0 
7fc7d4021000-7fc7d8000000 ---p 00000000 00:00 0 
7fc7d8000000-7fc7d8021000 rw-p 00000000 00:00 0 
7fc7d8021000-7fc7dc000000 ---p 00000000 00:00 0 
7fc7dc000000-7fc7dc28a000 rw-p 00000000 00:00 0 
7fc7dc28a000-7fc7e0000000 ---p 00000000 00:00 0 
7fc7e0000000-7fc7e0021000 rw-p 00000000 00:00 0 
7fc7e0021000-7fc7e4000000 ---p 00000000 00:00 0 
7fc7e5a4f000-7fc7e5b4f000 rw-p 00000000 00:00 0 
7fc7e5b4f000-7fc7e5c52000 ---p 00000000 00:00 0 
7fc7e5c52000-7fc7e5d50000 rw-p 00000000 00:00 0 
7fc7e5eca000-7fc7e5ee6000 r--s 00393000 08:11 19011050                   /opt/jdk8/jre/lib/ext/cldrdata.jar
7fc7e5ee6000-7fc7e5ef0000 r--s 00116000 08:11 19011036                   /opt/jdk8/jre/lib/ext/localedata.jar
7fc7e5ef0000-7fc7e5ef4000 r--s 00095000 08:11 17845396                   /opt/jdk8/jre/lib/jsse.jar
7fc7e5ef4000-7fc7e61f4000 rw-p 00000000 00:00 0 
7fc7e61f4000-7fc7e620a000 r-xp 00000000 08:11 18881872                   /opt/jdk8/jre/lib/amd64/libnet.so
7fc7e620a000-7fc7e640a000 ---p 00016000 08:11 18881872                   /opt/jdk8/jre/lib/amd64/libnet.so
7fc7e640a000-7fc7e640b000 rw-p 00016000 08:11 18881872                   /opt/jdk8/jre/lib/amd64/libnet.so
7fc7e640b000-7fc7e641e000 r--s 000d6000 08:11 17845384                   /opt/jdk8/jre/lib/plugin.jar
7fc7e641e000-7fc7e6421000 ---p 00000000 00:00 0 
7fc7e6421000-7fc7e651f000 rw-p 00000000 00:00 0                          [stack:16610]
7fc7e651f000-7fc7e6520000 r-xp 00000000 08:11 17695122                   /opt/idea/bin/libbreakgen64.so
7fc7e6520000-7fc7e671f000 ---p 00001000 08:11 17695122                   /opt/idea/bin/libbreakgen64.so
7fc7e671f000-7fc7e6720000 r--p 00000000 08:11 17695122                   /opt/idea/bin/libbreakgen64.so
7fc7e6720000-7fc7e6721000 rw-p 00001000 08:11 17695122                   /opt/idea/bin/libbreakgen64.so
7fc7e6721000-7fc7e6722000 ---p 00000000 00:00 0 
7fc7e6722000-7fc7e6822000 rw-p 00000000 00:00 0                          [stack:16606]
7fc7e6822000-7fc7e6825000 ---p 00000000 00:00 0 
7fc7e6825000-7fc7e6923000 rw-p 00000000 00:00 0                          [stack:16605]
7fc7e6923000-7fc7e6926000 ---p 00000000 00:00 0 
7fc7e6926000-7fc7e6a24000 rw-p 00000000 00:00 0                          [stack:16603]
7fc7e6a24000-7fc7e6a27000 ---p 00000000 00:00 0 
7fc7e6a27000-7fc7e6b25000 rw-p 00000000 00:00 0                          [stack:16602]
7fc7e6b25000-7fc7e6b28000 ---p 00000000 00:00 0 
7fc7e6b28000-7fc7e6c26000 rw-p 00000000 00:00 0                          [stack:16600]
7fc7e6c26000-7fc7e6c29000 ---p 00000000 00:00 0 
7fc7e6c29000-7fc7e6d27000 rw-p 00000000 00:00 0                          [stack:16598]
7fc7e6d27000-7fc7e6ff0000 r--p 00000000 08:11 16524651                   /usr/lib/locale/locale-archive
7fc7e6ff0000-7fc7e6ff3000 ---p 00000000 00:00 0 
7fc7e6ff3000-7fc7e70f1000 rw-p 00000000 00:00 0                          [stack:16595]
7fc7e70f1000-7fc7e70f4000 ---p 00000000 00:00 0 
7fc7e70f4000-7fc7e71f2000 rw-p 00000000 00:00 0                          [stack:16594]
7fc7e71f2000-7fc7e71f3000 ---p 00000000 00:00 0 
7fc7e71f3000-7fc7e8000000 rw-p 00000000 00:00 0                          [stack:16593]
7fc7e8000000-7fc7e8021000 rw-p 00000000 00:00 0 
7fc7e8021000-7fc7ec000000 ---p 00000000 00:00 0 
7fc7ec000000-7fc7ec021000 rw-p 00000000 00:00 0 
7fc7ec021000-7fc7f0000000 ---p 00000000 00:00 0 
7fc7f0000000-7fc7f0021000 rw-p 00000000 00:00 0 
7fc7f0021000-7fc7f4000000 ---p 00000000 00:00 0 
7fc7f4001000-7fc7f4009000 r--s 00045000 00:27 27918615                   /home/jan/.m2/repository/junit/junit/4.12/junit-4.12.jar
7fc7f4009000-7fc7f4023000 r--s 001f7000 08:11 17845399                   /opt/jdk8/jre/lib/deploy.jar
7fc7f4023000-7fc7f4288000 rw-p 00000000 00:00 0 
7fc7f4288000-7fc7f4460000 r--s 03d0c000 08:11 17845393                   /opt/jdk8/jre/lib/rt.jar
7fc7f4460000-7fc7f8cfd000 rw-p 00000000 00:00 0 
7fc7f8cfd000-7fc7f8cfe000 ---p 00000000 00:00 0 
7fc7f8cfe000-7fc7f8dfe000 rw-p 00000000 00:00 0                          [stack:16592]
7fc7f8dfe000-7fc7f8dff000 ---p 00000000 00:00 0 
7fc7f8dff000-7fc7f8eff000 rw-p 00000000 00:00 0                          [stack:16588]
7fc7f8eff000-7fc7f8f00000 ---p 00000000 00:00 0 
7fc7f8f00000-7fc7f9000000 rw-p 00000000 00:00 0                          [stack:16587]
7fc7f9000000-7fc7f98f0000 rwxp 00000000 00:00 0 
7fc7f98f0000-7fc808000000 ---p 00000000 00:00 0 
7fc808000000-7fc80853e000 rw-p 00000000 00:00 0 
7fc80853e000-7fc80c000000 ---p 00000000 00:00 0 
7fc80c003000-7fc80c005000 r--s 00009000 00:27 27944041                   /home/jan/.m2/repository/org/hamcrest/hamcrest-core/1.3/hamcrest-core-1.3.jar
7fc80c005000-7fc80c007000 r--s 0001a000 08:11 17845386                   /opt/jdk8/jre/lib/jce.jar
7fc80c007000-7fc80c00b000 r--s 00095000 08:11 17845396                   /opt/jdk8/jre/lib/jsse.jar
7fc80c00b000-7fc80c015000 r--s 0006f000 08:11 17845378                   /opt/jdk8/jre/lib/javaws.jar
7fc80c015000-7fc80c017000 r--s 00007000 08:11 17845407                   /opt/jdk8/jre/lib/jfxswt.jar
7fc80c017000-7fc80c0fd000 rw-p 00000000 00:00 0 
7fc80c0fd000-7fc80c0fe000 ---p 00000000 00:00 0 
7fc80c0fe000-7fc80c2e0000 rw-p 00000000 00:00 0                          [stack:16586]
7fc80c2e0000-7fc80c487000 ---p 00000000 00:00 0 
7fc80c487000-7fc80c569000 rw-p 00000000 00:00 0 
7fc80c569000-7fc80c70f000 ---p 00000000 00:00 0 
7fc80c70f000-7fc80c854000 rw-p 00000000 00:00 0 
7fc80c854000-7fc80c879000 rw-p 00000000 00:00 0 
7fc80c879000-7fc80cc15000 ---p 00000000 00:00 0 
7fc80cc15000-7fc80cc2f000 r-xp 00000000 08:11 18881867                   /opt/jdk8/jre/lib/amd64/libzip.so
7fc80cc2f000-7fc80ce2f000 ---p 0001a000 08:11 18881867                   /opt/jdk8/jre/lib/amd64/libzip.so
7fc80ce2f000-7fc80ce30000 rw-p 0001a000 08:11 18881867                   /opt/jdk8/jre/lib/amd64/libzip.so
7fc80ce30000-7fc80ce3b000 r-xp 00000000 08:11 14811164                   /lib/x86_64-linux-gnu/libnss_files-2.19.so
7fc80ce3b000-7fc80d03a000 ---p 0000b000 08:11 14811164                   /lib/x86_64-linux-gnu/libnss_files-2.19.so
7fc80d03a000-7fc80d03b000 r--p 0000a000 08:11 14811164                   /lib/x86_64-linux-gnu/libnss_files-2.19.so
7fc80d03b000-7fc80d03c000 rw-p 0000b000 08:11 14811164                   /lib/x86_64-linux-gnu/libnss_files-2.19.so
7fc80d03c000-7fc80d047000 r-xp 00000000 08:11 14811287                   /lib/x86_64-linux-gnu/libnss_nis-2.19.so
7fc80d047000-7fc80d246000 ---p 0000b000 08:11 14811287                   /lib/x86_64-linux-gnu/libnss_nis-2.19.so
7fc80d246000-7fc80d247000 r--p 0000a000 08:11 14811287                   /lib/x86_64-linux-gnu/libnss_nis-2.19.so
7fc80d247000-7fc80d248000 rw-p 0000b000 08:11 14811287                   /lib/x86_64-linux-gnu/libnss_nis-2.19.so
7fc80d248000-7fc80d25f000 r-xp 00000000 08:11 14811207                   /lib/x86_64-linux-gnu/libnsl-2.19.so
7fc80d25f000-7fc80d45e000 ---p 00017000 08:11 14811207                   /lib/x86_64-linux-gnu/libnsl-2.19.so
7fc80d45e000-7fc80d45f000 r--p 00016000 08:11 14811207                   /lib/x86_64-linux-gnu/libnsl-2.19.so
7fc80d45f000-7fc80d460000 rw-p 00017000 08:11 14811207                   /lib/x86_64-linux-gnu/libnsl-2.19.so
7fc80d460000-7fc80d462000 rw-p 00000000 00:00 0 
7fc80d462000-7fc80d46b000 r-xp 00000000 08:11 14811206                   /lib/x86_64-linux-gnu/libnss_compat-2.19.so
7fc80d46b000-7fc80d66a000 ---p 00009000 08:11 14811206                   /lib/x86_64-linux-gnu/libnss_compat-2.19.so
7fc80d66a000-7fc80d66b000 r--p 00008000 08:11 14811206                   /lib/x86_64-linux-gnu/libnss_compat-2.19.so
7fc80d66b000-7fc80d66c000 rw-p 00009000 08:11 14811206                   /lib/x86_64-linux-gnu/libnss_compat-2.19.so
7fc80d66c000-7fc80d696000 r-xp 00000000 08:11 18881847                   /opt/jdk8/jre/lib/amd64/libjava.so
7fc80d696000-7fc80d896000 ---p 0002a000 08:11 18881847                   /opt/jdk8/jre/lib/amd64/libjava.so
7fc80d896000-7fc80d898000 rw-p 0002a000 08:11 18881847                   /opt/jdk8/jre/lib/amd64/libjava.so
7fc80d898000-7fc80d8a5000 r-xp 00000000 08:11 18881861                   /opt/jdk8/jre/lib/amd64/libverify.so
7fc80d8a5000-7fc80daa5000 ---p 0000d000 08:11 18881861                   /opt/jdk8/jre/lib/amd64/libverify.so
7fc80daa5000-7fc80daa7000 rw-p 0000d000 08:11 18881861                   /opt/jdk8/jre/lib/amd64/libverify.so
7fc80daa7000-7fc80daae000 r-xp 00000000 08:11 14811281                   /lib/x86_64-linux-gnu/librt-2.19.so
7fc80daae000-7fc80dcad000 ---p 00007000 08:11 14811281                   /lib/x86_64-linux-gnu/librt-2.19.so
7fc80dcad000-7fc80dcae000 r--p 00006000 08:11 14811281                   /lib/x86_64-linux-gnu/librt-2.19.so
7fc80dcae000-7fc80dcaf000 rw-p 00007000 08:11 14811281                   /lib/x86_64-linux-gnu/librt-2.19.so
7fc80dcaf000-7fc80ddb4000 r-xp 00000000 08:11 14811153                   /lib/x86_64-linux-gnu/libm-2.19.so
7fc80ddb4000-7fc80dfb3000 ---p 00105000 08:11 14811153                   /lib/x86_64-linux-gnu/libm-2.19.so
7fc80dfb3000-7fc80dfb4000 r--p 00104000 08:11 14811153                   /lib/x86_64-linux-gnu/libm-2.19.so
7fc80dfb4000-7fc80dfb5000 rw-p 00105000 08:11 14811153                   /lib/x86_64-linux-gnu/libm-2.19.so
7fc80dfb5000-7fc80ec63000 r-xp 00000000 08:11 19010998                   /opt/jdk8/jre/lib/amd64/server/libjvm.so
7fc80ec63000-7fc80ee63000 ---p 00cae000 08:11 19010998                   /opt/jdk8/jre/lib/amd64/server/libjvm.so
7fc80ee63000-7fc80ef3a000 rw-p 00cae000 08:11 19010998                   /opt/jdk8/jre/lib/amd64/server/libjvm.so
7fc80ef3a000-7fc80ef7e000 rw-p 00000000 00:00 0 
7fc80ef7e000-7fc80f139000 r-xp 00000000 08:11 14811277                   /lib/x86_64-linux-gnu/libc-2.19.so
7fc80f139000-7fc80f338000 ---p 001bb000 08:11 14811277                   /lib/x86_64-linux-gnu/libc-2.19.so
7fc80f338000-7fc80f33c000 r--p 001ba000 08:11 14811277                   /lib/x86_64-linux-gnu/libc-2.19.so
7fc80f33c000-7fc80f33e000 rw-p 001be000 08:11 14811277                   /lib/x86_64-linux-gnu/libc-2.19.so
7fc80f33e000-7fc80f343000 rw-p 00000000 00:00 0 
7fc80f343000-7fc80f346000 r-xp 00000000 08:11 14811181                   /lib/x86_64-linux-gnu/libdl-2.19.so
7fc80f346000-7fc80f545000 ---p 00003000 08:11 14811181                   /lib/x86_64-linux-gnu/libdl-2.19.so
7fc80f545000-7fc80f546000 r--p 00002000 08:11 14811181                   /lib/x86_64-linux-gnu/libdl-2.19.so
7fc80f546000-7fc80f547000 rw-p 00003000 08:11 14811181                   /lib/x86_64-linux-gnu/libdl-2.19.so
7fc80f547000-7fc80f55c000 r-xp 00000000 08:11 20062699                   /opt/jdk8/lib/amd64/jli/libjli.so
7fc80f55c000-7fc80f75c000 ---p 00015000 08:11 20062699                   /opt/jdk8/lib/amd64/jli/libjli.so
7fc80f75c000-7fc80f75d000 rw-p 00015000 08:11 20062699                   /opt/jdk8/lib/amd64/jli/libjli.so
7fc80f75d000-7fc80f776000 r-xp 00000000 08:11 14811278                   /lib/x86_64-linux-gnu/libpthread-2.19.so
7fc80f776000-7fc80f975000 ---p 00019000 08:11 14811278                   /lib/x86_64-linux-gnu/libpthread-2.19.so
7fc80f975000-7fc80f976000 r--p 00018000 08:11 14811278                   /lib/x86_64-linux-gnu/libpthread-2.19.so
7fc80f976000-7fc80f977000 rw-p 00019000 08:11 14811278                   /lib/x86_64-linux-gnu/libpthread-2.19.so
7fc80f977000-7fc80f97b000 rw-p 00000000 00:00 0 
7fc80f97b000-7fc80f99e000 r-xp 00000000 08:11 14811236                   /lib/x86_64-linux-gnu/ld-2.19.so
7fc80f99e000-7fc80f9a3000 r--s 00083000 08:11 17845394                   /opt/jdk8/jre/lib/jfr.jar
7fc80f9a3000-7fc80fa6e000 rw-p 00000000 00:00 0 
7fc80fa6e000-7fc80fa71000 ---p 00000000 00:00 0 
7fc80fa71000-7fc80fb74000 rw-p 00000000 00:00 0                          [stack:16582]
7fc80fb74000-7fc80fb75000 r--s 00000000 08:11 17845390                   /opt/jdk8/jre/lib/management-agent.jar
7fc80fb75000-7fc80fb7a000 r--s 002f8000 08:11 17845385                   /opt/jdk8/jre/lib/charsets.jar
7fc80fb7a000-7fc80fb8d000 r--s 00344000 08:11 17845404                   /opt/jdk8/jre/lib/resources.jar
7fc80fb8d000-7fc80fb8f000 r--s 0001f000 08:11 17707876                   /opt/idea/plugins/junit/lib/junit-rt.jar
7fc80fb8f000-7fc80fb91000 r--s 00016000 08:11 17703838                   /opt/idea/lib/idea_rt.jar
7fc80fb91000-7fc80fb99000 rw-s 00000000 08:11 12323663                   /tmp/hsperfdata_jan/16579
7fc80fb99000-7fc80fb9a000 rw-p 00000000 00:00 0 
7fc80fb9a000-7fc80fb9b000 ---p 00000000 00:00 0 
7fc80fb9b000-7fc80fb9d000 rw-p 00000000 00:00 0 
7fc80fb9d000-7fc80fb9e000 r--p 00022000 08:11 14811236                   /lib/x86_64-linux-gnu/ld-2.19.so
7fc80fb9e000-7fc80fb9f000 rw-p 00023000 08:11 14811236                   /lib/x86_64-linux-gnu/ld-2.19.so
7fc80fb9f000-7fc80fba0000 rw-p 00000000 00:00 0 
7fffabb44000-7fffabb65000 rw-p 00000000 00:00 0                          [stack]
7fffabb67000-7fffabb69000 r-xp 00000000 00:00 0                          [vdso]
7fffabb69000-7fffabb6b000 r--p 00000000 00:00 0                          [vvar]
ffffffffff600000-ffffffffff601000 r-xp 00000000 00:00 0                  [vsyscall]

VM Arguments:
jvm_args: -Dvisualvm.id=21412802411032 -ea -Didea.launcher.port=7532 -Didea.launcher.bin.path=/opt/idea/bin -Dfile.encoding=UTF-8 
java_command: com.intellij.rt.execution.application.AppMain com.intellij.rt.execution.junit.JUnitStarter -ideVersion5 @/tmp/idea_junit1.tmp @w@/tmp/idea_working_dirs_junit11.tmp -socket38959
java_class_path (initial): /opt/idea/lib/idea_rt.jar:/opt/idea/plugins/junit/lib/junit-rt.jar:/opt/jdk8/jre/lib/resources.jar:/opt/jdk8/jre/lib/charsets.jar:/opt/jdk8/jre/lib/deploy.jar:/opt/jdk8/jre/lib/management-agent.jar:/opt/jdk8/jre/lib/jfr.jar:/opt/jdk8/jre/lib/jfxswt.jar:/opt/jdk8/jre/lib/javaws.jar:/opt/jdk8/jre/lib/rt.jar:/opt/jdk8/jre/lib/jsse.jar:/opt/jdk8/jre/lib/plugin.jar:/opt/jdk8/jre/lib/jce.jar:/opt/jdk8/jre/lib/ext/jfxrt.jar:/opt/jdk8/jre/lib/ext/localedata.jar:/opt/jdk8/jre/lib/ext/sunec.jar:/opt/jdk8/jre/lib/ext/sunpkcs11.jar:/opt/jdk8/jre/lib/ext/sunjce_provider.jar:/opt/jdk8/jre/lib/ext/cldrdata.jar:/opt/jdk8/jre/lib/ext/nashorn.jar:/opt/jdk8/jre/lib/ext/dnsns.jar:/opt/jdk8/jre/lib/ext/zipfs.jar:/home/jan/mapdb/mapdb/target/test-classes:/home/jan/mapdb/mapdb/target/classes:/home/jan/.m2/repository/junit/junit/4.12/junit-4.12.jar:/home/jan/.m2/repository/org/hamcrest/hamcrest-core/1.3/hamcrest-core-1.3.jar
Launcher Type: SUN_STANDARD

Environment Variables:
JAVA_HOME=/opt/jdk8
JRE_HOME=/opt/jdk8/jre
PATH=/home/jan/bin:/usr/local/sbin:/usr/local/bin:/usr/sbin:/usr/bin:/sbin:/bin:/usr/games:/usr/local/games:/home/jan/bin:/opt/jdk8/bin:/opt/jdk8/jre/bin
LD_LIBRARY_PATH=/opt/idea/bin:
SHELL=/usr/bin/fish
DISPLAY=:0

Signal Handlers:
SIGSEGV: [libjvm.so+0xaad540], sa_mask[0]=11111111011111111101111111111110, sa_flags=SA_RESTART|SA_SIGINFO
SIGBUS: [libjvm.so+0xaad540], sa_mask[0]=11111111011111111101111111111110, sa_flags=SA_RESTART|SA_SIGINFO
SIGFPE: [libjvm.so+0x90b6b0], sa_mask[0]=11111111011111111101111111111110, sa_flags=SA_RESTART|SA_SIGINFO
SIGPIPE: [libjvm.so+0x90b6b0], sa_mask[0]=11111111011111111101111111111110, sa_flags=SA_RESTART|SA_SIGINFO
SIGXFSZ: [libjvm.so+0x90b6b0], sa_mask[0]=11111111011111111101111111111110, sa_flags=SA_RESTART|SA_SIGINFO
SIGILL: [libjvm.so+0x90b6b0], sa_mask[0]=11111111011111111101111111111110, sa_flags=SA_RESTART|SA_SIGINFO
SIGUSR1: SIG_DFL, sa_mask[0]=00000000000000000000000000000000, sa_flags=none
SIGUSR2: [libjvm.so+0x90ccf0], sa_mask[0]=00100000000000000000000000000000, sa_flags=SA_RESTART|SA_SIGINFO
SIGHUP: [libjvm.so+0x90e040], sa_mask[0]=11111111011111111101111111111110, sa_flags=SA_RESTART|SA_SIGINFO
SIGINT: [libjvm.so+0x90e040], sa_mask[0]=11111111011111111101111111111110, sa_flags=SA_RESTART|SA_SIGINFO
SIGTERM: [libjvm.so+0x90e040], sa_mask[0]=11111111011111111101111111111110, sa_flags=SA_RESTART|SA_SIGINFO
SIGQUIT: [libjvm.so+0x90e040], sa_mask[0]=11111111011111111101111111111110, sa_flags=SA_RESTART|SA_SIGINFO


---------------  S Y S T E M  ---------------

OS:DISTRIB_ID=Ubuntu
DISTRIB_RELEASE=14.04
DISTRIB_CODENAME=trusty
DISTRIB_DESCRIPTION="Ubuntu 14.04.3 LTS"

uname:Linux 3.16.0-45-generic #60~14.04.1-Ubuntu SMP Fri Jul 24 21:16:23 UTC 2015 x86_64
libc:glibc 2.19 NPTL 2.19 
rlimit: STACK 8192k, CORE 0k, NPROC 30988, NOFILE 65535, AS infinity
load average:6.80 4.11 2.40

/proc/meminfo:
MemTotal:        7962888 kB
MemFree:          160852 kB
MemAvailable:     162956 kB
Buffers:             704 kB
Cached:           513496 kB
SwapCached:            0 kB
Active:          6896692 kB
Inactive:         451436 kB
Active(anon):    6881672 kB
Inactive(anon):   428836 kB
Active(file):      15020 kB
Inactive(file):    22600 kB
Unevictable:          32 kB
Mlocked:              32 kB
SwapTotal:             0 kB
SwapFree:              0 kB
Dirty:               172 kB
Writeback:             0 kB
AnonPages:       6834988 kB
Mapped:           259604 kB
Shmem:            475280 kB
Slab:             284356 kB
SReclaimable:     135524 kB
SUnreclaim:       148832 kB
KernelStack:       14496 kB
PageTables:        76668 kB
NFS_Unstable:          0 kB
Bounce:                0 kB
WritebackTmp:          0 kB
CommitLimit:     3981444 kB
Committed_AS:   12116992 kB
VmallocTotal:   34359738367 kB
VmallocUsed:      556520 kB
VmallocChunk:   34359175768 kB
HardwareCorrupted:     0 kB
AnonHugePages:   3688448 kB
HugePages_Total:       0
HugePages_Free:        0
HugePages_Rsvd:        0
HugePages_Surp:        0
Hugepagesize:       2048 kB
DirectMap4k:      100108 kB
DirectMap2M:     8075264 kB


CPU:total 4 (2 cores per cpu, 2 threads per core) family 6 model 37 stepping 5, cmov, cx8, fxsr, mmx, sse, sse2, sse3, ssse3, sse4.1, sse4.2, popcnt, aes, clmul, ht, tsc, tscinvbit

/proc/cpuinfo:
processor	: 0
vendor_id	: GenuineIntel
cpu family	: 6
model		: 37
model name	: Intel(R) Core(TM) i7 CPU       L 640  @ 2.13GHz
stepping	: 5
microcode	: 0x2
cpu MHz		: 2134.000
cache size	: 4096 KB
physical id	: 0
siblings	: 4
core id		: 0
cpu cores	: 2
apicid		: 0
initial apicid	: 0
fpu		: yes
fpu_exception	: yes
cpuid level	: 11
wp		: yes
flags		: fpu vme de pse tsc msr pae mce cx8 apic sep mtrr pge mca cmov pat pse36 clflush dts acpi mmx fxsr sse sse2 ss ht tm pbe syscall nx rdtscp lm constant_tsc arch_perfmon pebs bts rep_good nopl xtopology nonstop_tsc aperfmperf pni pclmulqdq dtes64 monitor ds_cpl vmx smx est tm2 ssse3 cx16 xtpr pdcm pcid sse4_1 sse4_2 popcnt aes lahf_lm ida arat dtherm tpr_shadow vnmi flexpriority ept vpid
bogomips	: 4256.06
clflush size	: 64
cache_alignment	: 64
address sizes	: 36 bits physical, 48 bits virtual
power management:

processor	: 1
vendor_id	: GenuineIntel
cpu family	: 6
model		: 37
model name	: Intel(R) Core(TM) i7 CPU       L 640  @ 2.13GHz
stepping	: 5
microcode	: 0x2
cpu MHz		: 2134.000
cache size	: 4096 KB
physical id	: 0
siblings	: 4
core id		: 0
cpu cores	: 2
apicid		: 1
initial apicid	: 1
fpu		: yes
fpu_exception	: yes
cpuid level	: 11
wp		: yes
flags		: fpu vme de pse tsc msr pae mce cx8 apic sep mtrr pge mca cmov pat pse36 clflush dts acpi mmx fxsr sse sse2 ss ht tm pbe syscall nx rdtscp lm constant_tsc arch_perfmon pebs bts rep_good nopl xtopology nonstop_tsc aperfmperf pni pclmulqdq dtes64 monitor ds_cpl vmx smx est tm2 ssse3 cx16 xtpr pdcm pcid sse4_1 sse4_2 popcnt aes lahf_lm ida arat dtherm tpr_shadow vnmi flexpriority ept vpid
bogomips	: 4256.06
clflush size	: 64
cache_alignment	: 64
address sizes	: 36 bits physical, 48 bits virtual
power management:

processor	: 2
vendor_id	: GenuineIntel
cpu family	: 6
model		: 37
model name	: Intel(R) Core(TM) i7 CPU       L 640  @ 2.13GHz
stepping	: 5
microcode	: 0x2
cpu MHz		: 2134.000
cache size	: 4096 KB
physical id	: 0
siblings	: 4
core id		: 2
cpu cores	: 2
apicid		: 4
initial apicid	: 4
fpu		: yes
fpu_exception	: yes
cpuid level	: 11
wp		: yes
flags		: fpu vme de pse tsc msr pae mce cx8 apic sep mtrr pge mca cmov pat pse36 clflush dts acpi mmx fxsr sse sse2 ss ht tm pbe syscall nx rdtscp lm constant_tsc arch_perfmon pebs bts rep_good nopl xtopology nonstop_tsc aperfmperf pni pclmulqdq dtes64 monitor ds_cpl vmx smx est tm2 ssse3 cx16 xtpr pdcm pcid sse4_1 sse4_2 popcnt aes lahf_lm ida arat dtherm tpr_shadow vnmi flexpriority ept vpid
bogomips	: 4256.06
clflush size	: 64
cache_alignment	: 64
address sizes	: 36 bits physical, 48 bits virtual
power management:

processor	: 3
vendor_id	: GenuineIntel
cpu family	: 6
model		: 37
model name	: Intel(R) Core(TM) i7 CPU       L 640  @ 2.13GHz
stepping	: 5
microcode	: 0x2
cpu MHz		: 2134.000
cache size	: 4096 KB
physical id	: 0
siblings	: 4
core id		: 2
cpu cores	: 2
apicid		: 5
initial apicid	: 5
fpu		: yes
fpu_exception	: yes
cpuid level	: 11
wp		: yes
flags		: fpu vme de pse tsc msr pae mce cx8 apic sep mtrr pge mca cmov pat pse36 clflush dts acpi mmx fxsr sse sse2 ss ht tm pbe syscall nx rdtscp lm constant_tsc arch_perfmon pebs bts rep_good nopl xtopology nonstop_tsc aperfmperf pni pclmulqdq dtes64 monitor ds_cpl vmx smx est tm2 ssse3 cx16 xtpr pdcm pcid sse4_1 sse4_2 popcnt aes lahf_lm ida arat dtherm tpr_shadow vnmi flexpriority ept vpid
bogomips	: 4256.06
clflush size	: 64
cache_alignment	: 64
address sizes	: 36 bits physical, 48 bits virtual
power management:



Memory: 4k page, physical 7962888k(160356k free), swap 0k(0k free)

vm_info: Java HotSpot(TM) 64-Bit Server VM (25.51-b03) for linux-amd64 JRE (1.8.0_51-b16), built on Jun  8 2015 19:28:07 by "java_re" with gcc 4.3.0 20080428 (Red Hat 4.3.0-8)

time: Tue Aug 18 16:53:24 2015
elapsed time: 31 seconds (0d 0h 0m 31s)

