#
# There is insufficient memory for the Java Runtime Environment to continue.
# Native memory allocation (mmap) failed to map 154664960 bytes for committing reserved memory.
# Possible reasons:
#   The system is out of physical RAM or swap space
#   In 32 bit mode, the process size limit was hit
# Possible solutions:
#   Reduce memory load on the system
#   Increase physical memory or swap space
#   Check if swap backing store is full
#   Use 64 bit Java on a 64 bit OS
#   Decrease Java heap size (-Xmx/-Xms)
#   Decrease number of Java threads
#   Decrease Java thread stack sizes (-Xss)
#   Set larger code cache with -XX:ReservedCodeCacheSize=
# This output file may be truncated or incomplete.
#
#  Out of Memory Error (os_linux.cpp:2671), pid=10019, tid=140314712102656
#
# JRE version: Java(TM) SE Runtime Environment (8.0_25-b17) (build 1.8.0_25-b17)
# Java VM: Java HotSpot(TM) 64-Bit Server VM (25.25-b02 mixed mode linux-amd64 compressed oops)
# Failed to write core dump. Core dumps have been disabled. To enable core dumping, try "ulimit -c unlimited" before starting Java again
#

---------------  T H R E A D  ---------------

Current thread (0x00007f9da413a000):  VMThread [stack: 0x00007f9d90825000,0x00007f9d90926000] [id=10028]

Stack: [0x00007f9d90825000,0x00007f9d90926000],  sp=0x00007f9d90923ff0,  free space=1019k
Native frames: (J=compiled Java code, j=interpreted, Vv=VM code, C=native code)
V  [libjvm.so+0xa7923a]  VMError::report_and_die()+0x2ca
V  [libjvm.so+0x4e552b]  report_vm_out_of_memory(char const*, int, unsigned long, VMErrorType, char const*)+0x8b
V  [libjvm.so+0x8e5613]  os::Linux::commit_memory_impl(char*, unsigned long, bool)+0x103
V  [libjvm.so+0x8e5b69]  os::pd_commit_memory(char*, unsigned long, unsigned long, bool)+0x29
V  [libjvm.so+0x8df83a]  os::commit_memory(char*, unsigned long, unsigned long, bool)+0x2a
V  [libjvm.so+0x94f923]  PSVirtualSpace::expand_by(unsigned long)+0x53
V  [libjvm.so+0x940640]  PSOldGen::expand(unsigned long)+0x170
V  [libjvm.so+0x94084b]  PSOldGen::resize(unsigned long)+0x1cb
V  [libjvm.so+0x948441]  PSParallelCompact::invoke_no_policy(bool)+0x9d1
V  [libjvm.so+0x94da4d]  PSScavenge::invoke()+0x1ad
V  [libjvm.so+0x907800]  ParallelScavengeHeap::failed_mem_allocate(unsigned long)+0x70
V  [libjvm.so+0xa7a8b7]  VM_ParallelGCFailedAllocation::doit()+0x97
V  [libjvm.so+0xa81fd5]  VM_Operation::evaluate()+0x55
V  [libjvm.so+0xa803aa]  VMThread::evaluate_operation(VM_Operation*)+0xba
V  [libjvm.so+0xa8072e]  VMThread::loop()+0x1ce
V  [libjvm.so+0xa80ba0]  VMThread::run()+0x70
V  [libjvm.so+0x8e7d48]  java_start(Thread*)+0x108

VM_Operation (0x00007f9dad195eb0): ParallelGCFailedAllocation, mode: safepoint, requested by thread 0x00007f9da4009800


---------------  P R O C E S S  ---------------

Java Threads: ( => current thread )
  0x00007f9da419f000 JavaThread "Service Thread" daemon [_thread_blocked, id=10035, stack(0x00007f9d6bdfe000,0x00007f9d6beff000)]
  0x00007f9da4177000 JavaThread "C1 CompilerThread2" daemon [_thread_blocked, id=10034, stack(0x00007f9d6beff000,0x00007f9d6c000000)]
  0x00007f9da4175800 JavaThread "C2 CompilerThread1" daemon [_thread_blocked, id=10033, stack(0x00007f9d90057000,0x00007f9d90158000)]
  0x00007f9da4172800 JavaThread "C2 CompilerThread0" daemon [_thread_blocked, id=10032, stack(0x00007f9d90158000,0x00007f9d90259000)]
  0x00007f9da4170800 JavaThread "Signal Dispatcher" daemon [_thread_blocked, id=10031, stack(0x00007f9d90259000,0x00007f9d9035a000)]
  0x00007f9da4143000 JavaThread "Finalizer" daemon [_thread_blocked, id=10030, stack(0x00007f9d90623000,0x00007f9d90724000)]
  0x00007f9da4141000 JavaThread "Reference Handler" daemon [_thread_blocked, id=10029, stack(0x00007f9d90724000,0x00007f9d90825000)]
  0x00007f9da4009800 JavaThread "main" [_thread_blocked, id=10023, stack(0x00007f9dad098000,0x00007f9dad199000)]

Other Threads:
=>0x00007f9da413a000 VMThread [stack: 0x00007f9d90825000,0x00007f9d90926000] [id=10028]
  0x00007f9da41a1000 WatcherThread [stack: 0x00007f9d6bcfd000,0x00007f9d6bdfe000] [id=10036]

VM state:at safepoint (normal execution)

VM Mutex/Monitor currently owned by a thread:  ([mutex/lock_event])
[0x00007f9da4005720] ExpandHeap_lock - owner thread: 0x00007f9da413a000
[0x00007f9da4005da0] Threads_lock - owner thread: 0x00007f9da413a000
[0x00007f9da40062a0] Heap_lock - owner thread: 0x00007f9da4009800

Heap:
 PSYoungGen      total 612352K, used 0K [0x00000000d7780000, 0x0000000100000000, 0x0000000100000000)
  eden space 579072K, 0% used [0x00000000d7780000,0x00000000d7780000,0x00000000fad00000)
  from space 33280K, 0% used [0x00000000fdf80000,0x00000000fdf80000,0x0000000100000000)
  to   space 42496K, 0% used [0x00000000fad00000,0x00000000fad00000,0x00000000fd680000)
 ParOldGen       total 778752K, used 500760K [0x0000000086600000, 0x00000000b5e80000, 0x00000000d7780000)
  object space 778752K, 64% used [0x0000000086600000,0x00000000a4f062d0,0x00000000b5e80000)
 Metaspace       used 10148K, capacity 10350K, committed 10496K, reserved 1058816K
  class space    used 1146K, capacity 1189K, committed 1280K, reserved 1048576K

Card table byte_map: [0x00007f9da9af6000,0x00007f9da9ec4000] byte_map_base: 0x00007f9da96c3000

Marking Bits: (ParMarkBitMap*) 0x00007f9dac57e2c0
 Begin Bits: [0x00007f9d91330000, 0x00007f9d93198000)
 End Bits:   [0x00007f9d93198000, 0x00007f9d95000000)

Polling page: 0x00007f9dad1c4000

CodeCache: size=245760Kb used=7922Kb max_used=7938Kb free=237837Kb
 bounds [0x00007f9d95000000, 0x00007f9d957e0000, 0x00007f9da4000000]
 total_blobs=2555 nmethods=2230 adapters=239
 compilation: enabled

Compilation events (10 events):
Event: 23.709 Thread 0x00007f9da4177000 2272       3       org.mapdb.SerializerBase$73::serialize (100 bytes)
Event: 23.709 Thread 0x00007f9da4177000 nmethod 2272 0x00007f9d95129450 code [0x00007f9d95129620, 0x00007f9d95129cd8]
Event: 23.709 Thread 0x00007f9da4177000 2269       3       org.mapdb.SerializerBase$11::serialize (11 bytes)
Event: 23.709 Thread 0x00007f9da4177000 nmethod 2269 0x00007f9d9510ae90 code [0x00007f9d9510b000, 0x00007f9d9510b288]
Event: 23.709 Thread 0x00007f9da4177000 2270       3       org.mapdb.SerializerBase$11::serialize (36 bytes)
Event: 23.710 Thread 0x00007f9da4177000 nmethod 2270 0x00007f9d95117b10 code [0x00007f9d95117ca0, 0x00007f9d95118088]
Event: 23.710 Thread 0x00007f9da4177000 2271       3       org.mapdb.SerializerBase$73::serialize (11 bytes)
Event: 23.710 Thread 0x00007f9da4177000 nmethod 2271 0x00007f9d95363e90 code [0x00007f9d95364000, 0x00007f9d953642e8]
Event: 23.720 Thread 0x00007f9da4175800 nmethod 2264 0x00007f9d952ad690 code [0x00007f9d952ad920, 0x00007f9d952aeb30]
Event: 23.727 Thread 0x00007f9da4172800 2273   !   4       org.mapdb.HTreeMap::get (183 bytes)

GC Heap History (10 events):
Event: 21.890 GC heap after
Heap after GC invocations=18 (full 4):
 PSYoungGen      total 623616K, used 25184K [0x00000000d7780000, 0x0000000100000000, 0x0000000100000000)
  eden space 597504K, 0% used [0x00000000d7780000,0x00000000d7780000,0x00000000fbf00000)
  from space 26112K, 96% used [0x00000000fe680000,0x00000000fff18080,0x0000000100000000)
  to   space 33280K, 0% used [0x00000000fbf00000,0x00000000fbf00000,0x00000000fdf80000)
 ParOldGen       total 429056K, used 355135K [0x0000000086600000, 0x00000000a0900000, 0x00000000d7780000)
  object space 429056K, 82% used [0x0000000086600000,0x000000009c0cfc30,0x00000000a0900000)
 Metaspace       used 10032K, capacity 10146K, committed 10240K, reserved 1058816K
  class space    used 1141K, capacity 1187K, committed 1280K, reserved 1048576K
}
Event: 21.890 GC heap before
{Heap before GC invocations=19 (full 5):
 PSYoungGen      total 623616K, used 25184K [0x00000000d7780000, 0x0000000100000000, 0x0000000100000000)
  eden space 597504K, 0% used [0x00000000d7780000,0x00000000d7780000,0x00000000fbf00000)
  from space 26112K, 96% used [0x00000000fe680000,0x00000000fff18080,0x0000000100000000)
  to   space 33280K, 0% used [0x00000000fbf00000,0x00000000fbf00000,0x00000000fdf80000)
 ParOldGen       total 429056K, used 355135K [0x0000000086600000, 0x00000000a0900000, 0x00000000d7780000)
  object space 429056K, 82% used [0x0000000086600000,0x000000009c0cfc30,0x00000000a0900000)
 Metaspace       used 10032K, capacity 10146K, committed 10240K, reserved 1058816K
  class space    used 1141K, capacity 1187K, committed 1280K, reserved 1048576K
Event: 21.968 GC heap after
Heap after GC invocations=19 (full 5):
 PSYoungGen      total 623616K, used 0K [0x00000000d7780000, 0x0000000100000000, 0x0000000100000000)
  eden space 597504K, 0% used [0x00000000d7780000,0x00000000d7780000,0x00000000fbf00000)
  from space 26112K, 0% used [0x00000000fe680000,0x00000000fe680000,0x0000000100000000)
  to   space 33280K, 0% used [0x00000000fbf00000,0x00000000fbf00000,0x00000000fdf80000)
 ParOldGen       total 224768K, used 46638K [0x0000000086600000, 0x0000000094180000, 0x00000000d7780000)
  object space 224768K, 20% used [0x0000000086600000,0x000000008938bb68,0x0000000094180000)
 Metaspace       used 10032K, capacity 10146K, committed 10240K, reserved 1058816K
  class space    used 1141K, capacity 1187K, committed 1280K, reserved 1048576K
}
Event: 22.968 GC heap before
{Heap before GC invocations=20 (full 5):
 PSYoungGen      total 623616K, used 597504K [0x00000000d7780000, 0x0000000100000000, 0x0000000100000000)
  eden space 597504K, 100% used [0x00000000d7780000,0x00000000fbf00000,0x00000000fbf00000)
  from space 26112K, 0% used [0x00000000fe680000,0x00000000fe680000,0x0000000100000000)
  to   space 33280K, 0% used [0x00000000fbf00000,0x00000000fbf00000,0x00000000fdf80000)
 ParOldGen       total 224768K, used 46638K [0x0000000086600000, 0x0000000094180000, 0x00000000d7780000)
  object space 224768K, 20% used [0x0000000086600000,0x000000008938bb68,0x0000000094180000)
 Metaspace       used 10129K, capacity 10286K, committed 10496K, reserved 1058816K
  class space    used 1146K, capacity 1189K, committed 1280K, reserved 1048576K
Event: 23.188 GC heap after
Heap after GC invocations=20 (full 5):
 PSYoungGen      total 630784K, used 33248K [0x00000000d7780000, 0x0000000100000000, 0x0000000100000000)
  eden space 597504K, 0% used [0x00000000d7780000,0x00000000d7780000,0x00000000fbf00000)
  from space 33280K, 99% used [0x00000000fbf00000,0x00000000fdf783a0,0x00000000fdf80000)
  to   space 33280K, 0% used [0x00000000fdf80000,0x00000000fdf80000,0x0000000100000000)
 ParOldGen       total 370688K, used 369203K [0x0000000086600000, 0x000000009d000000, 0x00000000d7780000)
  object space 370688K, 99% used [0x0000000086600000,0x000000009ce8cf18,0x000000009d000000)
 Metaspace       used 10129K, capacity 10286K, committed 10496K, reserved 1058816K
  class space    used 1146K, capacity 1189K, committed 1280K, reserved 1048576K
}
Event: 23.188 GC heap before
{Heap before GC invocations=21 (full 6):
 PSYoungGen      total 630784K, used 33248K [0x00000000d7780000, 0x0000000100000000, 0x0000000100000000)
  eden space 597504K, 0% used [0x00000000d7780000,0x00000000d7780000,0x00000000fbf00000)
  from space 33280K, 99% used [0x00000000fbf00000,0x00000000fdf783a0,0x00000000fdf80000)
  to   space 33280K, 0% used [0x00000000fdf80000,0x00000000fdf80000,0x0000000100000000)
 ParOldGen       total 370688K, used 369203K [0x0000000086600000, 0x000000009d000000, 0x00000000d7780000)
  object space 370688K, 99% used [0x0000000086600000,0x000000009ce8cf18,0x000000009d000000)
 Metaspace       used 10129K, capacity 10286K, committed 10496K, reserved 1058816K
  class space    used 1146K, capacity 1189K, committed 1280K, reserved 1048576K
Event: 23.342 GC heap after
Heap after GC invocations=21 (full 6):
 PSYoungGen      total 630784K, used 0K [0x00000000d7780000, 0x0000000100000000, 0x0000000100000000)
  eden space 597504K, 0% used [0x00000000d7780000,0x00000000d7780000,0x00000000fbf00000)
  from space 33280K, 0% used [0x00000000fbf00000,0x00000000fbf00000,0x00000000fdf80000)
  to   space 33280K, 0% used [0x00000000fdf80000,0x00000000fdf80000,0x0000000100000000)
 ParOldGen       total 658944K, used 360575K [0x0000000086600000, 0x00000000ae980000, 0x00000000d7780000)
  object space 658944K, 54% used [0x0000000086600000,0x000000009c61ff10,0x00000000ae980000)
 Metaspace       used 10129K, capacity 10286K, committed 10496K, reserved 1058816K
  class space    used 1146K, capacity 1189K, committed 1280K, reserved 1048576K
}
Event: 23.733 GC heap before
{Heap before GC invocations=22 (full 6):
 PSYoungGen      total 630784K, used 597504K [0x00000000d7780000, 0x0000000100000000, 0x0000000100000000)
  eden space 597504K, 100% used [0x00000000d7780000,0x00000000fbf00000,0x00000000fbf00000)
  from space 33280K, 0% used [0x00000000fbf00000,0x00000000fbf00000,0x00000000fdf80000)
  to   space 33280K, 0% used [0x00000000fdf80000,0x00000000fdf80000,0x0000000100000000)
 ParOldGen       total 658944K, used 360575K [0x0000000086600000, 0x00000000ae980000, 0x00000000d7780000)
  object space 658944K, 54% used [0x0000000086600000,0x000000009c61ff10,0x00000000ae980000)
 Metaspace       used 10148K, capacity 10350K, committed 10496K, reserved 1058816K
  class space    used 1146K, capacity 1189K, committed 1280K, reserved 1048576K
Event: 24.453 GC heap after
Heap after GC invocations=22 (full 6):
 PSYoungGen      total 612352K, used 32864K [0x00000000d7780000, 0x0000000100000000, 0x0000000100000000)
  eden space 579072K, 0% used [0x00000000d7780000,0x00000000d7780000,0x00000000fad00000)
  from space 33280K, 98% used [0x00000000fdf80000,0x00000000fff98200,0x0000000100000000)
  to   space 42496K, 0% used [0x00000000fad00000,0x00000000fad00000,0x00000000fd680000)
 ParOldGen       total 778752K, used 778382K [0x0000000086600000, 0x00000000b5e80000, 0x00000000d7780000)
  object space 778752K, 99% used [0x0000000086600000,0x00000000b5e23890,0x00000000b5e80000)
 Metaspace       used 10148K, capacity 10350K, committed 10496K, reserved 1058816K
  class space    used 1146K, capacity 1189K, committed 1280K, reserved 1048576K
}
Event: 24.454 GC heap before
{Heap before GC invocations=23 (full 7):
 PSYoungGen      total 612352K, used 32864K [0x00000000d7780000, 0x0000000100000000, 0x0000000100000000)
  eden space 579072K, 0% used [0x00000000d7780000,0x00000000d7780000,0x00000000fad00000)
  from space 33280K, 98% used [0x00000000fdf80000,0x00000000fff98200,0x0000000100000000)
  to   space 42496K, 0% used [0x00000000fad00000,0x00000000fad00000,0x00000000fd680000)
 ParOldGen       total 778752K, used 778382K [0x0000000086600000, 0x00000000b5e80000, 0x00000000d7780000)
  object space 778752K, 99% used [0x0000000086600000,0x00000000b5e23890,0x00000000b5e80000)
 Metaspace       used 10148K, capacity 10350K, committed 10496K, reserved 1058816K
  class space    used 1146K, capacity 1189K, committed 1280K, reserved 1048576K

Deoptimization events (10 events):
Event: 22.678 Thread 0x00007f9da4009800 Uncommon trap: reason=class_check action=maybe_recompile pc=0x00007f9d954e00e4 method=java.util.HashMap$TreeNode.find(ILjava/lang/Object;Ljava/lang/Class;)Ljava/util/HashMap$TreeNode; @ 68
Event: 22.678 Thread 0x00007f9da4009800 Uncommon trap: reason=class_check action=maybe_recompile pc=0x00007f9d954e00e4 method=java.util.HashMap$TreeNode.find(ILjava/lang/Object;Ljava/lang/Class;)Ljava/util/HashMap$TreeNode; @ 68
Event: 22.678 Thread 0x00007f9da4009800 Uncommon trap: reason=class_check action=maybe_recompile pc=0x00007f9d954e00e4 method=java.util.HashMap$TreeNode.find(ILjava/lang/Object;Ljava/lang/Class;)Ljava/util/HashMap$TreeNode; @ 68
Event: 22.680 Thread 0x00007f9da4009800 Uncommon trap: reason=predicate action=maybe_recompile pc=0x00007f9d953e46a8 method=java.util.Arrays$ArrayList.indexOf(Ljava/lang/Object;)I @ 42
Event: 22.680 Thread 0x00007f9da4009800 Uncommon trap: reason=predicate action=maybe_recompile pc=0x00007f9d953b3a38 method=java.util.Arrays$ArrayList.indexOf(Ljava/lang/Object;)I @ 42
Event: 22.680 Thread 0x00007f9da4009800 Uncommon trap: reason=bimorphic action=maybe_recompile pc=0x00007f9d953a9628 method=java.util.Arrays$ArrayList.indexOf(Ljava/lang/Object;)I @ 46
Event: 22.680 Thread 0x00007f9da4009800 Uncommon trap: reason=bimorphic action=maybe_recompile pc=0x00007f9d953a9628 method=java.util.Arrays$ArrayList.indexOf(Ljava/lang/Object;)I @ 46
Event: 22.681 Thread 0x00007f9da4009800 Uncommon trap: reason=bimorphic action=maybe_recompile pc=0x00007f9d953a9628 method=java.util.Arrays$ArrayList.indexOf(Ljava/lang/Object;)I @ 46
Event: 22.681 Thread 0x00007f9da4009800 Uncommon trap: reason=bimorphic action=maybe_recompile pc=0x00007f9d953a9628 method=java.util.Arrays$ArrayList.indexOf(Ljava/lang/Object;)I @ 46
Event: 23.599 Thread 0x00007f9da4009800 Uncommon trap: reason=unreached action=reinterpret pc=0x00007f9d957bd6ec method=org.mapdb.HTreeMap.get(Ljava/lang/Object;)Ljava/lang/Object; @ 68

Internal exceptions (10 events):
Event: 22.160 Thread 0x00007f9da4009800 Exception <a 'java/lang/reflect/InvocationTargetException'> (0x00000000df15b478) thrown at [/HUDSON/workspace/8-2-build-linux-amd64/jdk8u25/1514/hotspot/src/share/vm/runtime/reflection.cpp, line 1080]
Event: 22.161 Thread 0x00007f9da4009800 Exception <a 'java/lang/reflect/InvocationTargetException'> (0x00000000df1608c0) thrown at [/HUDSON/workspace/8-2-build-linux-amd64/jdk8u25/1514/hotspot/src/share/vm/runtime/reflection.cpp, line 1080]
Event: 22.161 Thread 0x00007f9da4009800 Exception <a 'java/lang/reflect/InvocationTargetException'> (0x00000000df165d08) thrown at [/HUDSON/workspace/8-2-build-linux-amd64/jdk8u25/1514/hotspot/src/share/vm/runtime/reflection.cpp, line 1080]
Event: 22.162 Thread 0x00007f9da4009800 Exception <a 'java/security/PrivilegedActionException'> (0x00000000df171e10) thrown at [/HUDSON/workspace/8-2-build-linux-amd64/jdk8u25/1514/hotspot/src/share/vm/prims/jvm.cpp, line 1312]
Event: 22.166 Thread 0x00007f9da4009800 Exception <a 'java/security/PrivilegedActionException'> (0x00000000df1751d0) thrown at [/HUDSON/workspace/8-2-build-linux-amd64/jdk8u25/1514/hotspot/src/share/vm/prims/jvm.cpp, line 1312]
Event: 22.247 Thread 0x00007f9da4009800 Exception <a 'java/lang/reflect/InvocationTargetException'> (0x00000000e051e7e8) thrown at [/HUDSON/workspace/8-2-build-linux-amd64/jdk8u25/1514/hotspot/src/share/vm/runtime/reflection.cpp, line 1080]
Event: 22.248 Thread 0x00007f9da4009800 Exception <a 'java/lang/reflect/InvocationTargetException'> (0x00000000e052ea80) thrown at [/HUDSON/workspace/8-2-build-linux-amd64/jdk8u25/1514/hotspot/src/share/vm/runtime/reflection.cpp, line 1080]
Event: 22.259 Thread 0x00007f9da4009800 Exception <a 'java/lang/reflect/InvocationTargetException'> (0x00000000e068a170) thrown at [/HUDSON/workspace/8-2-build-linux-amd64/jdk8u25/1514/hotspot/src/share/vm/runtime/reflection.cpp, line 1080]
Event: 22.385 Thread 0x00007f9da4009800 Exception <a 'java/security/PrivilegedActionException'> (0x00000000e0806a00) thrown at [/HUDSON/workspace/8-2-build-linux-amd64/jdk8u25/1514/hotspot/src/share/vm/prims/jvm.cpp, line 1312]
Event: 22.602 Thread 0x00007f9da4009800 Exception <a 'java/security/PrivilegedActionException'> (0x00000000e0fe6b50) thrown at [/HUDSON/workspace/8-2-build-linux-amd64/jdk8u25/1514/hotspot/src/share/vm/prims/jvm.cpp, line 1312]

Events (10 events):
Event: 23.396 Thread 0x00007f9da4177000 flushing nmethod 0x00007f9d9528ad50
Event: 23.396 Thread 0x00007f9da4177000 flushing nmethod 0x00007f9d95292850
Event: 23.396 Thread 0x00007f9da4177000 flushing nmethod 0x00007f9d952ac650
Event: 23.403 Thread 0x00007f9da4177000 flushing nmethod 0x00007f9d9532f210
Event: 23.403 Thread 0x00007f9da4177000 flushing nmethod 0x00007f9d95363450
Event: 23.408 Thread 0x00007f9da4175800 flushing nmethod 0x00007f9d953b9350
Event: 23.599 Thread 0x00007f9da4009800 Uncommon trap: trap_request=0xffffffad fr.pc=0x00007f9d957bd6ec
Event: 23.599 Thread 0x00007f9da4009800 DEOPT PACKING pc=0x00007f9d957bd6ec sp=0x00007f9dad196850
Event: 23.599 Thread 0x00007f9da4009800 DEOPT UNPACKING pc=0x00007f9d95004f69 sp=0x00007f9dad196848 mode 2
Event: 23.732 Executing VM operation: ParallelGCFailedAllocation


Dynamic libraries:
00400000-00401000 r-xp 00000000 08:11 17698623                           /opt/jdk8/jre/bin/java
00600000-00601000 rw-p 00000000 08:11 17698623                           /opt/jdk8/jre/bin/java
010b0000-010d1000 rw-p 00000000 00:00 0                                  [heap]
86600000-b5e80000 rw-p 00000000 00:00 0 
bf200000-d7780000 ---p 00000000 00:00 0 
d7780000-100000000 rw-p 00000000 00:00 0 
100000000-100140000 rw-p 00000000 00:00 0 
100140000-140000000 ---p 00000000 00:00 0 
7f9d54000000-7f9d54021000 rw-p 00000000 00:00 0 
7f9d54021000-7f9d58000000 ---p 00000000 00:00 0 
7f9d5c000000-7f9d5c7fc000 rw-p 00000000 00:00 0 
7f9d5c7fc000-7f9d60000000 ---p 00000000 00:00 0 
7f9d60000000-7f9d60021000 rw-p 00000000 00:00 0 
7f9d60021000-7f9d64000000 ---p 00000000 00:00 0 
7f9d64000000-7f9d65941000 rw-p 00000000 00:00 0 
7f9d65941000-7f9d68000000 ---p 00000000 00:00 0 
7f9d6b8e6000-7f9d6b8fc000 r-xp 00000000 08:11 17698513                   /opt/jdk8/jre/lib/amd64/libnet.so
7f9d6b8fc000-7f9d6bafc000 ---p 00016000 08:11 17698513                   /opt/jdk8/jre/lib/amd64/libnet.so
7f9d6bafc000-7f9d6bafd000 rw-p 00016000 08:11 17698513                   /opt/jdk8/jre/lib/amd64/libnet.so
7f9d6bafd000-7f9d6bbfd000 rw-p 00000000 00:00 0 
7f9d6bbfd000-7f9d6bcfd000 ---p 00000000 00:00 0 
7f9d6bcfd000-7f9d6bcfe000 ---p 00000000 00:00 0 
7f9d6bcfe000-7f9d6bdfe000 rw-p 00000000 00:00 0                          [stack:10036]
7f9d6bdfe000-7f9d6be01000 ---p 00000000 00:00 0 
7f9d6be01000-7f9d6beff000 rw-p 00000000 00:00 0                          [stack:10035]
7f9d6beff000-7f9d6bf02000 ---p 00000000 00:00 0 
7f9d6bf02000-7f9d6c000000 rw-p 00000000 00:00 0                          [stack:10034]
7f9d6c000000-7f9d6c021000 rw-p 00000000 00:00 0 
7f9d6c021000-7f9d70000000 ---p 00000000 00:00 0 
7f9d70000000-7f9d7152f000 rw-p 00000000 00:00 0 
7f9d7152f000-7f9d74000000 ---p 00000000 00:00 0 
7f9d74000000-7f9d74021000 rw-p 00000000 00:00 0 
7f9d74021000-7f9d78000000 ---p 00000000 00:00 0 
7f9d78000000-7f9d78283000 rw-p 00000000 00:00 0 
7f9d78283000-7f9d7c000000 ---p 00000000 00:00 0 
7f9d7c000000-7f9d7c021000 rw-p 00000000 00:00 0 
7f9d7c021000-7f9d80000000 ---p 00000000 00:00 0 
7f9d80000000-7f9d802f1000 rw-p 00000000 00:00 0 
7f9d802f1000-7f9d84000000 ---p 00000000 00:00 0 
7f9d84000000-7f9d84021000 rw-p 00000000 00:00 0 
7f9d84021000-7f9d88000000 ---p 00000000 00:00 0 
7f9d88000000-7f9d88021000 rw-p 00000000 00:00 0 
7f9d88021000-7f9d8c000000 ---p 00000000 00:00 0 
7f9d8c000000-7f9d8c021000 rw-p 00000000 00:00 0 
7f9d8c021000-7f9d90000000 ---p 00000000 00:00 0 
7f9d90057000-7f9d9005a000 ---p 00000000 00:00 0 
7f9d9005a000-7f9d90158000 rw-p 00000000 00:00 0                          [stack:10033]
7f9d90158000-7f9d9015b000 ---p 00000000 00:00 0 
7f9d9015b000-7f9d90259000 rw-p 00000000 00:00 0                          [stack:10032]
7f9d90259000-7f9d9025c000 ---p 00000000 00:00 0 
7f9d9025c000-7f9d9035a000 rw-p 00000000 00:00 0                          [stack:10031]
7f9d9035a000-7f9d90623000 r--p 00000000 08:11 16524651                   /usr/lib/locale/locale-archive
7f9d90623000-7f9d90626000 ---p 00000000 00:00 0 
7f9d90626000-7f9d90724000 rw-p 00000000 00:00 0                          [stack:10030]
7f9d90724000-7f9d90727000 ---p 00000000 00:00 0 
7f9d90727000-7f9d90825000 rw-p 00000000 00:00 0                          [stack:10029]
7f9d90825000-7f9d90826000 ---p 00000000 00:00 0 
7f9d90826000-7f9d95000000 rw-p 00000000 00:00 0                          [stack:10028]
7f9d95000000-7f9d957e0000 rwxp 00000000 00:00 0 
7f9d957e0000-7f9da4000000 ---p 00000000 00:00 0 
7f9da4000000-7f9da4dc2000 rw-p 00000000 00:00 0 
7f9da4dc2000-7f9da8000000 ---p 00000000 00:00 0 
7f9da80fc000-7f9da8650000 rw-p 00000000 00:00 0 
7f9da8650000-7f9da8826000 r--s 03caa000 08:11 17698561                   /opt/jdk8/jre/lib/rt.jar
7f9da8826000-7f9da9469000 rw-p 00000000 00:00 0 
7f9da9469000-7f9da946a000 ---p 00000000 00:00 0 
7f9da946a000-7f9da956a000 rw-p 00000000 00:00 0                          [stack:10027]
7f9da956a000-7f9da956b000 ---p 00000000 00:00 0 
7f9da956b000-7f9da966b000 rw-p 00000000 00:00 0                          [stack:10026]
7f9da966b000-7f9da966c000 ---p 00000000 00:00 0 
7f9da966c000-7f9da976c000 rw-p 00000000 00:00 0                          [stack:10025]
7f9da976c000-7f9da976d000 ---p 00000000 00:00 0 
7f9da976d000-7f9da99ea000 rw-p 00000000 00:00 0                          [stack:10024]
7f9da99ea000-7f9da9af6000 ---p 00000000 00:00 0 
7f9da9af6000-7f9da9c73000 rw-p 00000000 00:00 0 
7f9da9c73000-7f9da9d7e000 ---p 00000000 00:00 0 
7f9da9d7e000-7f9da9ec3000 rw-p 00000000 00:00 0 
7f9da9ec3000-7f9da9ee4000 rw-p 00000000 00:00 0 
7f9da9ee4000-7f9daa284000 ---p 00000000 00:00 0 
7f9daa284000-7f9daa29e000 r-xp 00000000 08:11 17698507                   /opt/jdk8/jre/lib/amd64/libzip.so
7f9daa29e000-7f9daa49e000 ---p 0001a000 08:11 17698507                   /opt/jdk8/jre/lib/amd64/libzip.so
7f9daa49e000-7f9daa49f000 rw-p 0001a000 08:11 17698507                   /opt/jdk8/jre/lib/amd64/libzip.so
7f9daa49f000-7f9daa4aa000 r-xp 00000000 08:11 14811164                   /lib/x86_64-linux-gnu/libnss_files-2.19.so
7f9daa4aa000-7f9daa6a9000 ---p 0000b000 08:11 14811164                   /lib/x86_64-linux-gnu/libnss_files-2.19.so
7f9daa6a9000-7f9daa6aa000 r--p 0000a000 08:11 14811164                   /lib/x86_64-linux-gnu/libnss_files-2.19.so
7f9daa6aa000-7f9daa6ab000 rw-p 0000b000 08:11 14811164                   /lib/x86_64-linux-gnu/libnss_files-2.19.so
7f9daa6ab000-7f9daa6b6000 r-xp 00000000 08:11 14811287                   /lib/x86_64-linux-gnu/libnss_nis-2.19.so
7f9daa6b6000-7f9daa8b5000 ---p 0000b000 08:11 14811287                   /lib/x86_64-linux-gnu/libnss_nis-2.19.so
7f9daa8b5000-7f9daa8b6000 r--p 0000a000 08:11 14811287                   /lib/x86_64-linux-gnu/libnss_nis-2.19.so
7f9daa8b6000-7f9daa8b7000 rw-p 0000b000 08:11 14811287                   /lib/x86_64-linux-gnu/libnss_nis-2.19.so
7f9daa8b7000-7f9daa8ce000 r-xp 00000000 08:11 14811207                   /lib/x86_64-linux-gnu/libnsl-2.19.so
7f9daa8ce000-7f9daaacd000 ---p 00017000 08:11 14811207                   /lib/x86_64-linux-gnu/libnsl-2.19.so
7f9daaacd000-7f9daaace000 r--p 00016000 08:11 14811207                   /lib/x86_64-linux-gnu/libnsl-2.19.so
7f9daaace000-7f9daaacf000 rw-p 00017000 08:11 14811207                   /lib/x86_64-linux-gnu/libnsl-2.19.so
7f9daaacf000-7f9daaad1000 rw-p 00000000 00:00 0 
7f9daaad1000-7f9daaada000 r-xp 00000000 08:11 14811206                   /lib/x86_64-linux-gnu/libnss_compat-2.19.so
7f9daaada000-7f9daacd9000 ---p 00009000 08:11 14811206                   /lib/x86_64-linux-gnu/libnss_compat-2.19.so
7f9daacd9000-7f9daacda000 r--p 00008000 08:11 14811206                   /lib/x86_64-linux-gnu/libnss_compat-2.19.so
7f9daacda000-7f9daacdb000 rw-p 00009000 08:11 14811206                   /lib/x86_64-linux-gnu/libnss_compat-2.19.so
7f9daacdb000-7f9daad05000 r-xp 00000000 08:11 17698471                   /opt/jdk8/jre/lib/amd64/libjava.so
7f9daad05000-7f9daaf05000 ---p 0002a000 08:11 17698471                   /opt/jdk8/jre/lib/amd64/libjava.so
7f9daaf05000-7f9daaf07000 rw-p 0002a000 08:11 17698471                   /opt/jdk8/jre/lib/amd64/libjava.so
7f9daaf07000-7f9daaf14000 r-xp 00000000 08:11 17698497                   /opt/jdk8/jre/lib/amd64/libverify.so
7f9daaf14000-7f9dab114000 ---p 0000d000 08:11 17698497                   /opt/jdk8/jre/lib/amd64/libverify.so
7f9dab114000-7f9dab116000 rw-p 0000d000 08:11 17698497                   /opt/jdk8/jre/lib/amd64/libverify.so
7f9dab116000-7f9dab11d000 r-xp 00000000 08:11 14811281                   /lib/x86_64-linux-gnu/librt-2.19.so
7f9dab11d000-7f9dab31c000 ---p 00007000 08:11 14811281                   /lib/x86_64-linux-gnu/librt-2.19.so
7f9dab31c000-7f9dab31d000 r--p 00006000 08:11 14811281                   /lib/x86_64-linux-gnu/librt-2.19.so
7f9dab31d000-7f9dab31e000 rw-p 00007000 08:11 14811281                   /lib/x86_64-linux-gnu/librt-2.19.so
7f9dab31e000-7f9dab423000 r-xp 00000000 08:11 14811153                   /lib/x86_64-linux-gnu/libm-2.19.so
7f9dab423000-7f9dab622000 ---p 00105000 08:11 14811153                   /lib/x86_64-linux-gnu/libm-2.19.so
7f9dab622000-7f9dab623000 r--p 00104000 08:11 14811153                   /lib/x86_64-linux-gnu/libm-2.19.so
7f9dab623000-7f9dab624000 rw-p 00105000 08:11 14811153                   /lib/x86_64-linux-gnu/libm-2.19.so
7f9dab624000-7f9dac291000 r-xp 00000000 08:11 17698525                   /opt/jdk8/jre/lib/amd64/server/libjvm.so
7f9dac291000-7f9dac490000 ---p 00c6d000 08:11 17698525                   /opt/jdk8/jre/lib/amd64/server/libjvm.so
7f9dac490000-7f9dac566000 rw-p 00c6c000 08:11 17698525                   /opt/jdk8/jre/lib/amd64/server/libjvm.so
7f9dac566000-7f9dac5a9000 rw-p 00000000 00:00 0 
7f9dac5a9000-7f9dac764000 r-xp 00000000 08:11 14811277                   /lib/x86_64-linux-gnu/libc-2.19.so
7f9dac764000-7f9dac963000 ---p 001bb000 08:11 14811277                   /lib/x86_64-linux-gnu/libc-2.19.so
7f9dac963000-7f9dac967000 r--p 001ba000 08:11 14811277                   /lib/x86_64-linux-gnu/libc-2.19.so
7f9dac967000-7f9dac969000 rw-p 001be000 08:11 14811277                   /lib/x86_64-linux-gnu/libc-2.19.so
7f9dac969000-7f9dac96e000 rw-p 00000000 00:00 0 
7f9dac96e000-7f9dac971000 r-xp 00000000 08:11 14811181                   /lib/x86_64-linux-gnu/libdl-2.19.so
7f9dac971000-7f9dacb70000 ---p 00003000 08:11 14811181                   /lib/x86_64-linux-gnu/libdl-2.19.so
7f9dacb70000-7f9dacb71000 r--p 00002000 08:11 14811181                   /lib/x86_64-linux-gnu/libdl-2.19.so
7f9dacb71000-7f9dacb72000 rw-p 00003000 08:11 14811181                   /lib/x86_64-linux-gnu/libdl-2.19.so
7f9dacb72000-7f9dacb87000 r-xp 00000000 08:11 17698486                   /opt/jdk8/jre/lib/amd64/jli/libjli.so
7f9dacb87000-7f9dacd86000 ---p 00015000 08:11 17698486                   /opt/jdk8/jre/lib/amd64/jli/libjli.so
7f9dacd86000-7f9dacd87000 rw-p 00014000 08:11 17698486                   /opt/jdk8/jre/lib/amd64/jli/libjli.so
7f9dacd87000-7f9dacda0000 r-xp 00000000 08:11 14811278                   /lib/x86_64-linux-gnu/libpthread-2.19.so
7f9dacda0000-7f9dacf9f000 ---p 00019000 08:11 14811278                   /lib/x86_64-linux-gnu/libpthread-2.19.so
7f9dacf9f000-7f9dacfa0000 r--p 00018000 08:11 14811278                   /lib/x86_64-linux-gnu/libpthread-2.19.so
7f9dacfa0000-7f9dacfa1000 rw-p 00019000 08:11 14811278                   /lib/x86_64-linux-gnu/libpthread-2.19.so
7f9dacfa1000-7f9dacfa5000 rw-p 00000000 00:00 0 
7f9dacfa5000-7f9dacfc8000 r-xp 00000000 08:11 14811236                   /lib/x86_64-linux-gnu/ld-2.19.so
7f9dacff0000-7f9dad00c000 r--s 00393000 08:11 17698576                   /opt/jdk8/jre/lib/ext/cldrdata.jar
7f9dad00c000-7f9dad016000 r--s 00116000 08:11 17698570                   /opt/jdk8/jre/lib/ext/localedata.jar
7f9dad016000-7f9dad098000 rw-p 00000000 00:00 0 
7f9dad098000-7f9dad09b000 ---p 00000000 00:00 0 
7f9dad09b000-7f9dad19d000 rw-p 00000000 00:00 0                          [stack:10023]
7f9dad1a5000-7f9dad1a6000 rw-p 00000000 00:00 0 
7f9dad1a6000-7f9dad1aa000 r--s 00093000 08:11 17698564                   /opt/jdk8/jre/lib/jsse.jar
7f9dad1aa000-7f9dad1ac000 r--s 0000e000 00:27 28077167                   /home/jan/.m2/repository/org/apache/maven/surefire/surefire-junit4/2.16/surefire-junit4-2.16.jar
7f9dad1ac000-7f9dad1ae000 r--s 00009000 00:27 28076960                   /home/jan/.m2/repository/org/hamcrest/hamcrest-core/1.3/hamcrest-core-1.3.jar
7f9dad1ae000-7f9dad1b4000 r--s 00036000 00:27 28076959                   /home/jan/.m2/repository/junit/junit/4.11/junit-4.11.jar
7f9dad1b4000-7f9dad1b8000 r--s 00021000 00:27 28077153                   /home/jan/.m2/repository/org/apache/maven/surefire/surefire-api/2.16/surefire-api-2.16.jar
7f9dad1b8000-7f9dad1ba000 r--s 00008000 00:27 28077152                   /home/jan/.m2/repository/org/apache/maven/surefire/surefire-booter/2.16/surefire-booter-2.16.jar
7f9dad1ba000-7f9dad1bb000 r--s 00000000 00:27 27926305                   /home/jan/mapdb/mapdb/target/surefire/surefirebooter4510411399823884148.jar
7f9dad1bb000-7f9dad1c3000 rw-s 00000000 08:11 12321755                   /tmp/hsperfdata_jan/10019
7f9dad1c3000-7f9dad1c4000 rw-p 00000000 00:00 0 
7f9dad1c4000-7f9dad1c5000 ---p 00000000 00:00 0 
7f9dad1c5000-7f9dad1c7000 rw-p 00000000 00:00 0 
7f9dad1c7000-7f9dad1c8000 r--p 00022000 08:11 14811236                   /lib/x86_64-linux-gnu/ld-2.19.so
7f9dad1c8000-7f9dad1c9000 rw-p 00023000 08:11 14811236                   /lib/x86_64-linux-gnu/ld-2.19.so
7f9dad1c9000-7f9dad1ca000 rw-p 00000000 00:00 0 
7ffde3d13000-7ffde3d34000 rw-p 00000000 00:00 0                          [stack]
7ffde3d4b000-7ffde3d4d000 r-xp 00000000 00:00 0                          [vdso]
7ffde3d4d000-7ffde3d4f000 r--p 00000000 00:00 0                          [vvar]
ffffffffff600000-ffffffffff601000 r-xp 00000000 00:00 0                  [vsyscall]

VM Arguments:
java_command: /home/jan/mapdb/mapdb/target/surefire/surefirebooter4510411399823884148.jar /home/jan/mapdb/mapdb/target/surefire/surefire9212847207362543739tmp /home/jan/mapdb/mapdb/target/surefire/surefire_02383816050707461897tmp
java_class_path (initial): /home/jan/mapdb/mapdb/target/surefire/surefirebooter4510411399823884148.jar
Launcher Type: SUN_STANDARD

Environment Variables:
JAVA_HOME=/opt/jdk8
JRE_HOME=/opt/jdk8/jre
PATH=/home/jan/bin:/usr/local/sbin:/usr/local/bin:/usr/sbin:/usr/bin:/sbin:/bin:/usr/games:/usr/local/games:/home/jan/bin:/opt/jdk8/bin:/opt/jdk8/jre/bin
SHELL=/usr/bin/fish
DISPLAY=:0

Signal Handlers:
SIGSEGV: [libjvm.so+0xa79a80], sa_mask[0]=11111111011111111101111111111110, sa_flags=SA_RESTART|SA_SIGINFO
SIGBUS: [libjvm.so+0xa79a80], sa_mask[0]=11111111011111111101111111111110, sa_flags=SA_RESTART|SA_SIGINFO
SIGFPE: [libjvm.so+0x8e24e0], sa_mask[0]=11111111011111111101111111111110, sa_flags=SA_RESTART|SA_SIGINFO
SIGPIPE: [libjvm.so+0x8e24e0], sa_mask[0]=11111111011111111101111111111110, sa_flags=SA_RESTART|SA_SIGINFO
SIGXFSZ: [libjvm.so+0x8e24e0], sa_mask[0]=11111111011111111101111111111110, sa_flags=SA_RESTART|SA_SIGINFO
SIGILL: [libjvm.so+0x8e24e0], sa_mask[0]=11111111011111111101111111111110, sa_flags=SA_RESTART|SA_SIGINFO
SIGUSR1: SIG_DFL, sa_mask[0]=00000000000000000000000000000000, sa_flags=none
SIGUSR2: [libjvm.so+0x8e3d10], sa_mask[0]=00100000000000000000000000000000, sa_flags=SA_RESTART|SA_SIGINFO
SIGHUP: [libjvm.so+0x8e50d0], sa_mask[0]=11111111011111111101111111111110, sa_flags=SA_RESTART|SA_SIGINFO
SIGINT: [libjvm.so+0x8e50d0], sa_mask[0]=11111111011111111101111111111110, sa_flags=SA_RESTART|SA_SIGINFO
SIGTERM: [libjvm.so+0x8e50d0], sa_mask[0]=11111111011111111101111111111110, sa_flags=SA_RESTART|SA_SIGINFO
SIGQUIT: [libjvm.so+0x8e50d0], sa_mask[0]=11111111011111111101111111111110, sa_flags=SA_RESTART|SA_SIGINFO


---------------  S Y S T E M  ---------------

OS:DISTRIB_ID=Ubuntu
DISTRIB_RELEASE=14.04
DISTRIB_CODENAME=trusty
DISTRIB_DESCRIPTION="Ubuntu 14.04.2 LTS"

uname:Linux 3.16.0-41-generic #57~14.04.1-Ubuntu SMP Thu Jun 18 18:01:13 UTC 2015 x86_64
libc:glibc 2.19 NPTL 2.19 
rlimit: STACK 8192k, CORE 0k, NPROC 30988, NOFILE 65535, AS infinity
load average:2.33 1.51 1.03

/proc/meminfo:
MemTotal:        7962904 kB
MemFree:          123324 kB
MemAvailable:      92632 kB
Buffers:            1784 kB
Cached:           370144 kB
SwapCached:            0 kB
Active:          7231340 kB
Inactive:         314668 kB
Active(anon):    7205448 kB
Inactive(anon):   289528 kB
Active(file):      25892 kB
Inactive(file):    25140 kB
Unevictable:          32 kB
Mlocked:              32 kB
SwapTotal:             0 kB
SwapFree:              0 kB
Dirty:               308 kB
Writeback:             0 kB
AnonPages:       7175008 kB
Mapped:           211036 kB
Shmem:            320164 kB
Slab:             119328 kB
SReclaimable:      56528 kB
SUnreclaim:        62800 kB
KernelStack:       15024 kB
PageTables:        73988 kB
NFS_Unstable:          0 kB
Bounce:                0 kB
WritebackTmp:          0 kB
CommitLimit:     3981452 kB
Committed_AS:   13077944 kB
VmallocTotal:   34359738367 kB
VmallocUsed:      558540 kB
VmallocChunk:   34359175308 kB
HardwareCorrupted:     0 kB
AnonHugePages:   2834432 kB
HugePages_Total:       0
HugePages_Free:        0
HugePages_Rsvd:        0
HugePages_Surp:        0
Hugepagesize:       2048 kB
DirectMap4k:      139020 kB
DirectMap2M:     8036352 kB


CPU:total 4 (2 cores per cpu, 2 threads per core) family 6 model 37 stepping 5, cmov, cx8, fxsr, mmx, sse, sse2, sse3, ssse3, sse4.1, sse4.2, popcnt, aes, clmul, ht, tsc, tscinvbit

/proc/cpuinfo:
processor	: 0
vendor_id	: GenuineIntel
cpu family	: 6
model		: 37
model name	: Intel(R) Core(TM) i7 CPU       L 640  @ 2.13GHz
stepping	: 5
microcode	: 0x2
cpu MHz		: 1199.000
cache size	: 4096 KB
physical id	: 0
siblings	: 4
core id		: 0
cpu cores	: 2
apicid		: 0
initial apicid	: 0
fpu		: yes
fpu_exception	: yes
cpuid level	: 11
wp		: yes
flags		: fpu vme de pse tsc msr pae mce cx8 apic sep mtrr pge mca cmov pat pse36 clflush dts acpi mmx fxsr sse sse2 ss ht tm pbe syscall nx rdtscp lm constant_tsc arch_perfmon pebs bts rep_good nopl xtopology nonstop_tsc aperfmperf pni pclmulqdq dtes64 monitor ds_cpl vmx smx est tm2 ssse3 cx16 xtpr pdcm pcid sse4_1 sse4_2 popcnt aes lahf_lm ida arat dtherm tpr_shadow vnmi flexpriority ept vpid
bogomips	: 4255.93
clflush size	: 64
cache_alignment	: 64
address sizes	: 36 bits physical, 48 bits virtual
power management:

processor	: 1
vendor_id	: GenuineIntel
cpu family	: 6
model		: 37
model name	: Intel(R) Core(TM) i7 CPU       L 640  @ 2.13GHz
stepping	: 5
microcode	: 0x2
cpu MHz		: 1199.000
cache size	: 4096 KB
physical id	: 0
siblings	: 4
core id		: 0
cpu cores	: 2
apicid		: 1
initial apicid	: 1
fpu		: yes
fpu_exception	: yes
cpuid level	: 11
wp		: yes
flags		: fpu vme de pse tsc msr pae mce cx8 apic sep mtrr pge mca cmov pat pse36 clflush dts acpi mmx fxsr sse sse2 ss ht tm pbe syscall nx rdtscp lm constant_tsc arch_perfmon pebs bts rep_good nopl xtopology nonstop_tsc aperfmperf pni pclmulqdq dtes64 monitor ds_cpl vmx smx est tm2 ssse3 cx16 xtpr pdcm pcid sse4_1 sse4_2 popcnt aes lahf_lm ida arat dtherm tpr_shadow vnmi flexpriority ept vpid
bogomips	: 4255.93
clflush size	: 64
cache_alignment	: 64
address sizes	: 36 bits physical, 48 bits virtual
power management:

processor	: 2
vendor_id	: GenuineIntel
cpu family	: 6
model		: 37
model name	: Intel(R) Core(TM) i7 CPU       L 640  @ 2.13GHz
stepping	: 5
microcode	: 0x2
cpu MHz		: 2134.000
cache size	: 4096 KB
physical id	: 0
siblings	: 4
core id		: 2
cpu cores	: 2
apicid		: 4
initial apicid	: 4
fpu		: yes
fpu_exception	: yes
cpuid level	: 11
wp		: yes
flags		: fpu vme de pse tsc msr pae mce cx8 apic sep mtrr pge mca cmov pat pse36 clflush dts acpi mmx fxsr sse sse2 ss ht tm pbe syscall nx rdtscp lm constant_tsc arch_perfmon pebs bts rep_good nopl xtopology nonstop_tsc aperfmperf pni pclmulqdq dtes64 monitor ds_cpl vmx smx est tm2 ssse3 cx16 xtpr pdcm pcid sse4_1 sse4_2 popcnt aes lahf_lm ida arat dtherm tpr_shadow vnmi flexpriority ept vpid
bogomips	: 4255.93
clflush size	: 64
cache_alignment	: 64
address sizes	: 36 bits physical, 48 bits virtual
power management:

processor	: 3
vendor_id	: GenuineIntel
cpu family	: 6
model		: 37
model name	: Intel(R) Core(TM) i7 CPU       L 640  @ 2.13GHz
stepping	: 5
microcode	: 0x2
cpu MHz		: 1199.000
cache size	: 4096 KB
physical id	: 0
siblings	: 4
core id		: 2
cpu cores	: 2
apicid		: 5
initial apicid	: 5
fpu		: yes
fpu_exception	: yes
cpuid level	: 11
wp		: yes
flags		: fpu vme de pse tsc msr pae mce cx8 apic sep mtrr pge mca cmov pat pse36 clflush dts acpi mmx fxsr sse sse2 ss ht tm pbe syscall nx rdtscp lm constant_tsc arch_perfmon pebs bts rep_good nopl xtopology nonstop_tsc aperfmperf pni pclmulqdq dtes64 monitor ds_cpl vmx smx est tm2 ssse3 cx16 xtpr pdcm pcid sse4_1 sse4_2 popcnt aes lahf_lm ida arat dtherm tpr_shadow vnmi flexpriority ept vpid
bogomips	: 4255.93
clflush size	: 64
cache_alignment	: 64
address sizes	: 36 bits physical, 48 bits virtual
power management:



Memory: 4k page, physical 7962904k(123324k free), swap 0k(0k free)

vm_info: Java HotSpot(TM) 64-Bit Server VM (25.25-b02) for linux-amd64 JRE (1.8.0_25-b17), built on Sep 17 2014 17:32:11 by "java_re" with gcc 4.3.0 20080428 (Red Hat 4.3.0-8)

time: Wed Jul  8 22:14:39 2015
elapsed time: 24 seconds (0d 0h 0m 24s)

